$ sudo docker run -v $PWD/logs4:/data/logs -it --memory 16G multippl:latest
# time multippl-benchmark all --logdir /data/logs --num-threads 4 \
                         --timeout-min 2 --num-runs 10 --no-psi
grids/3x3
logdir = /data/logs/grids/3x3/2025-01-03/04:18/
diag.yo(n:1000): 100%|██████████████████████████████████████████████████████████████████████████████████| 10/10 [00:01<00:00,  6.04it/s]
WARNING! saw unexpected file main.psi
exact.yo(n:1): 100%|███████████████████████████████████████████████████████████████████████████████████| 10/10 [00:00<00:00, 292.33it/s]
cont.yo(n:1000): 100%|██████████████████████████████████████████████████████████████████████████████████| 10/10 [00:01<00:00,  6.63it/s]
main.py(n:1000): 100%|██████████████████████████████████████████████████████████████████████████████████| 10/10 [00:41<00:00,  4.15s/it]
logdir = /data/logs/grids/3x3/
# runs: 10
.: /data/logs/grids/3x3//2025-01-03//04:18/
┏━━━━━━━━━━━━━━┳━━━━━━━━━━━━━━┳━━━━━━━━━━━━━━━┳━━━━━━━━━━━━━━┳━━━━━━━━━━━━━━┳━━━━━━━━━━━━━━┳━━━━━━━━━━━━━━┳━━━━━━━━━━━━━━━┓
┃ diag.yo (l1) ┃ diag.yo (s)  ┃ exact.yo (l1) ┃ exact.yo (s) ┃ cont.yo (l1) ┃ cont.yo (s)  ┃ main.py (l1) ┃ main.py (s)   ┃
┡━━━━━━━━━━━━━━╇━━━━━━━━━━━━━━╇━━━━━━━━━━━━━━━╇━━━━━━━━━━━━━━╇━━━━━━━━━━━━━━╇━━━━━━━━━━━━━━╇━━━━━━━━━━━━━━╇━━━━━━━━━━━━━━━┩
│ 0.032 ±0.005 │ 0.545 ±0.038 │ 0.000 ±0.000  │ 0.004 ±0.001 │ 0.086 ±0.006 │ 0.509 ±0.038 │ 0.086 ±0.004 │ 10.759 ±0.125 │
└──────────────┴──────────────┴───────────────┴──────────────┴──────────────┴──────────────┴──────────────┴───────────────┘
┏━━━━━━━━┳━━━━━━━━━━━━━━┳━━━━━━━━━━━━━━┳━━━━━━━━━━━━━━┳━━━━━━━━━━━━━━━┓
┃ metric ┃ diag.yo      ┃ exact.yo     ┃ cont.yo      ┃ main.py       ┃
┡━━━━━━━━╇━━━━━━━━━━━━━━╇━━━━━━━━━━━━━━╇━━━━━━━━━━━━━━╇━━━━━━━━━━━━━━━┩
│ l1     │ 0.032 ±0.005 │ 0.000 ±0.000 │ 0.086 ±0.006 │ 0.086 ±0.004  │
│ sec    │ 0.545 ±0.038 │ 0.004 ±0.001 │ 0.509 ±0.038 │ 10.759 ±0.125 │
└────────┴──────────────┴──────────────┴──────────────┴───────────────┘
grids/6x6
logdir = /data/logs/grids/6x6/2025-01-03/04:18/
diag.yo(n:1000): 100%|██████████████████████████████████████████████████████████████████████████████████| 10/10 [00:07<00:00,  1.39it/s]
WARNING! saw unexpected file main.psi
exact.yo(n:1): 100%|████████████████████████████████████████████████████████████████████████████████████| 10/10 [00:00<00:00, 15.31it/s]
cont.yo(n:1000): 100%|██████████████████████████████████████████████████████████████████████████████████| 10/10 [00:01<00:00,  5.10it/s]
main.py(n:1000): 100%|██████████████████████████████████████████████████████████████████████████████████| 10/10 [02:19<00:00, 13.97s/it]
logdir = /data/logs/grids/6x6/
# runs: 10
.: /data/logs/grids/6x6//2025-01-03//04:18/
┏━━━━━━━━━━━━━━┳━━━━━━━━━━━━━━┳━━━━━━━━━━━━━━━┳━━━━━━━━━━━━━━┳━━━━━━━━━━━━━━┳━━━━━━━━━━━━━━┳━━━━━━━━━━━━━━┳━━━━━━━━━━━━━━━┓
┃ diag.yo (l1) ┃ diag.yo (s)  ┃ exact.yo (l1) ┃ exact.yo (s) ┃ cont.yo (l1) ┃ cont.yo (s)  ┃ main.py (l1) ┃ main.py (s)   ┃
┡━━━━━━━━━━━━━━╇━━━━━━━━━━━━━━╇━━━━━━━━━━━━━━━╇━━━━━━━━━━━━━━╇━━━━━━━━━━━━━━╇━━━━━━━━━━━━━━╇━━━━━━━━━━━━━━╇━━━━━━━━━━━━━━━┩
│ 0.048 ±0.004 │ 2.425 ±0.059 │ 0.000 ±0.000  │ 0.190 ±0.006 │ 0.314 ±0.014 │ 0.641 ±0.025 │ 1.826 ±0.026 │ 43.114 ±0.386 │
└──────────────┴──────────────┴───────────────┴──────────────┴──────────────┴──────────────┴──────────────┴───────────────┘
┏━━━━━━━━┳━━━━━━━━━━━━━━┳━━━━━━━━━━━━━━┳━━━━━━━━━━━━━━┳━━━━━━━━━━━━━━━┓
┃ metric ┃ diag.yo      ┃ exact.yo     ┃ cont.yo      ┃ main.py       ┃
┡━━━━━━━━╇━━━━━━━━━━━━━━╇━━━━━━━━━━━━━━╇━━━━━━━━━━━━━━╇━━━━━━━━━━━━━━━┩
│ l1     │ 0.048 ±0.004 │ 0.000 ±0.000 │ 0.314 ±0.014 │ 1.826 ±0.026  │
│ sec    │ 2.425 ±0.059 │ 0.190 ±0.006 │ 0.641 ±0.025 │ 43.114 ±0.386 │
└────────┴──────────────┴──────────────┴──────────────┴───────────────┘
grids/9x9
logdir = /data/logs/grids/9x9/2025-01-03/04:21/
diag.yo(n:1000): 100%|██████████████████████████████████████████████████████████████████████████████████| 10/10 [06:00<00:00, 36.00s/it]
WARNING! saw unexpected file main.psi
exact.yo(n:1): 100%|████████████████████████████████████████████████████████████████████████████████████| 10/10 [02:15<00:00, 13.53s/it]
cont.yo(n:1000): 100%|██████████████████████████████████████████████████████████████████████████████████| 10/10 [00:04<00:00,  2.34it/s]
main.py(n:1000): 100%|██████████████████████████████████████████████████████████████████████████████████| 10/10 [05:13<00:00, 31.30s/it]
logdir = /data/logs/grids/9x9/
incomplete run: /data/logs/grids/9x9//2025-01-03//04:21//exact-yo_n1_s7_2025-01-03_04:28.log is empty!
incomplete run: /data/logs/grids/9x9//2025-01-03//04:21//exact-yo_n1_s1_2025-01-03_04:27.log is empty!
incomplete run: /data/logs/grids/9x9//2025-01-03//04:21//exact-yo_n1_s8_2025-01-03_04:28.log is empty!
incomplete run: /data/logs/grids/9x9//2025-01-03//04:21//exact-yo_n1_s0_2025-01-03_04:27.log is empty!
incomplete run: /data/logs/grids/9x9//2025-01-03//04:21//exact-yo_n1_s5_2025-01-03_04:27.log is empty!
incomplete run: /data/logs/grids/9x9//2025-01-03//04:21//exact-yo_n1_s4_2025-01-03_04:27.log is empty!
incomplete run: /data/logs/grids/9x9//2025-01-03//04:21//exact-yo_n1_s6_2025-01-03_04:28.log is empty!
incomplete run: /data/logs/grids/9x9//2025-01-03//04:21//exact-yo_n1_s2_2025-01-03_04:27.log is empty!
incomplete run: /data/logs/grids/9x9//2025-01-03//04:21//exact-yo_n1_s3_2025-01-03_04:27.log is empty!
/nix/store/mx82d8fmv6zi64w9jmfjjyiqfwkxzb75-python3-3.11.6-env/lib/python3.11/site-packages/numpy/core/_methods.py:206: RuntimeWarning:
Degrees of freedom <= 0 for slice
  ret = _var(a, axis=axis, dtype=dtype, out=out, ddof=ddof,
/nix/store/mx82d8fmv6zi64w9jmfjjyiqfwkxzb75-python3-3.11.6-env/lib/python3.11/site-packages/numpy/core/_methods.py:198: RuntimeWarning:
invalid value encountered in scalar divide
  ret = ret.dtype.type(ret / rcount)
WARNING! counts are not consistent for . /data/logs/grids/9x9//2025-01-03//04:21/! Got: 1 10 10
for:  diag.yo main.psi exact.yo cont.yo main.py
# runs: 1
.: /data/logs/grids/9x9//2025-01-03//04:21/
┏━━━━━━━━━━━━━━━┳━━━━━━━━━━━━━━┳━━━━━━━━━━━━━━┳━━━━━━━━━━━━━━┳━━━━━━━━━━━━━━┳━━━━━━━━━━━━━━━┓
┃ exact.yo (l1) ┃ exact.yo (s) ┃ cont.yo (l1) ┃ cont.yo (s)  ┃ main.py (l1) ┃ main.py (s)   ┃
┡━━━━━━━━━━━━━━━╇━━━━━━━━━━━━━━╇━━━━━━━━━━━━━━╇━━━━━━━━━━━━━━╇━━━━━━━━━━━━━━╇━━━━━━━━━━━━━━━┩
│ 0.000 ±nan    │ 64.467 ±nan  │ 0.666 ±0.009 │ 1.415 ±0.022 │ 7.825 ±0.062 │ 99.091 ±0.763 │
└───────────────┴──────────────┴──────────────┴──────────────┴──────────────┴───────────────┘
┏━━━━━━━━┳━━━━━━━━━━━━━┳━━━━━━━━━━━━━━┳━━━━━━━━━━━━━━━┓
┃ metric ┃ exact.yo    ┃ cont.yo      ┃ main.py       ┃
┡━━━━━━━━╇━━━━━━━━━━━━━╇━━━━━━━━━━━━━━╇━━━━━━━━━━━━━━━┩
│ l1     │ 0.000 ±nan  │ 0.666 ±0.009 │ 7.825 ±0.062  │
│ sec    │ 64.467 ±nan │ 1.415 ±0.022 │ 99.091 ±0.763 │
└────────┴─────────────┴──────────────┴───────────────┘
arrival/tree-15                                                                                                       23:47:47 [137/722]stites@lambek:~/multippl$
logdir = /data/logs/arrival/tree-15/2025-01-03/04:35/
WARNING! saw unexpected file network15.dice.bk
main.yo(n:1000): 100%|██████████████████████████████████████████████████████████████████████████████████| 10/10 [00:02<00:00,  4.15it/s]
cont.yo(n:1000): 100%|██████████████████████████████████████████████████████████████████████████████████| 10/10 [00:01<00:00,  5.10it/s]
main.py(n:1000): 100%|██████████████████████████████████████████████████████████████████████████████████| 10/10 [01:59<00:00, 11.94s/it]
logdir = /data/logs/arrival/tree-15/
# runs: 10
.: /data/logs/arrival/tree-15//2025-01-03//04:35/
┏━━━━━━━━━━━━━━┳━━━━━━━━━━━━━━┳━━━━━━━━━━━━━━┳━━━━━━━━━━━━━━┳━━━━━━━━━━━━━━┳━━━━━━━━━━━━━━━┓
┃ main.yo (l1) ┃ main.yo (s)  ┃ cont.yo (l1) ┃ cont.yo (s)  ┃ main.py (l1) ┃ main.py (s)   ┃
┡━━━━━━━━━━━━━━╇━━━━━━━━━━━━━━╇━━━━━━━━━━━━━━╇━━━━━━━━━━━━━━╇━━━━━━━━━━━━━━╇━━━━━━━━━━━━━━━┩
│ 0.329 ±0.011 │ 0.792 ±0.023 │ 0.354 ±0.012 │ 0.641 ±0.021 │ 0.361 ±0.012 │ 36.307 ±0.310 │
└──────────────┴──────────────┴──────────────┴──────────────┴──────────────┴───────────────┘
┏━━━━━━━━┳━━━━━━━━━━━━━━┳━━━━━━━━━━━━━━┳━━━━━━━━━━━━━━━┓
┃ metric ┃ main.yo      ┃ cont.yo      ┃ main.py       ┃
┡━━━━━━━━╇━━━━━━━━━━━━━━╇━━━━━━━━━━━━━━╇━━━━━━━━━━━━━━━┩
│ l1     │ 0.329 ±0.011 │ 0.354 ±0.012 │ 0.361 ±0.012  │
│ sec    │ 0.792 ±0.023 │ 0.641 ±0.021 │ 36.307 ±0.310 │
└────────┴──────────────┴──────────────┴───────────────┘
arrival/tree-31
logdir = /data/logs/arrival/tree-31/2025-01-03/04:37/
WARNING! saw unexpected file network31.dice.bk
main.yo(n:1000): 100%|██████████████████████████████████████████████████████████████████████████████████| 10/10 [00:04<00:00,  2.21it/s]
cont.yo(n:1000): 100%|██████████████████████████████████████████████████████████████████████████████████| 10/10 [00:03<00:00,  3.32it/s]
main.py(n:1000): 100%|██████████████████████████████████████████████████████████████████████████████████| 10/10 [04:01<00:00, 24.19s/it]
logdir = /data/logs/arrival/tree-31/
# runs: 10
.: /data/logs/arrival/tree-31//2025-01-03//04:37/
┏━━━━━━━━━━━━━━┳━━━━━━━━━━━━━━┳━━━━━━━━━━━━━━┳━━━━━━━━━━━━━━┳━━━━━━━━━━━━━━┳━━━━━━━━━━━━━━━┓
┃ main.yo (l1) ┃ main.yo (s)  ┃ cont.yo (l1) ┃ cont.yo (s)  ┃ main.py (l1) ┃ main.py (s)   ┃
┡━━━━━━━━━━━━━━╇━━━━━━━━━━━━━━╇━━━━━━━━━━━━━━╇━━━━━━━━━━━━━━╇━━━━━━━━━━━━━━╇━━━━━━━━━━━━━━━┩
│ 0.179 ±0.010 │ 1.497 ±0.016 │ 0.224 ±0.007 │ 0.988 ±0.018 │ 0.217 ±0.002 │ 76.644 ±0.775 │
└──────────────┴──────────────┴──────────────┴──────────────┴──────────────┴───────────────┘
┏━━━━━━━━┳━━━━━━━━━━━━━━┳━━━━━━━━━━━━━━┳━━━━━━━━━━━━━━━┓
┃ metric ┃ main.yo      ┃ cont.yo      ┃ main.py       ┃
┡━━━━━━━━╇━━━━━━━━━━━━━━╇━━━━━━━━━━━━━━╇━━━━━━━━━━━━━━━┩
│ l1     │ 0.179 ±0.010 │ 0.224 ±0.007 │ 0.217 ±0.002  │
│ sec    │ 1.497 ±0.016 │ 0.988 ±0.018 │ 76.644 ±0.775 │
└────────┴──────────────┴──────────────┴───────────────┘
arrival/tree-63
logdir = /data/logs/arrival/tree-63/2025-01-03/04:41/
WARNING! saw unexpected file network63.dice.bk
main.yo(n:1000): 100%|██████████████████████████████████████████████████████████████████████████████████| 10/10 [00:11<00:00,  1.20s/it]
cont.yo(n:1000): 100%|██████████████████████████████████████████████████████████████████████████████████| 10/10 [00:07<00:00,  1.41it/s]
main.py(n:1000): 100%|██████████████████████████████████████████████████████████████████████████████████| 10/10 [06:00<00:00, 36.03s/it]
logdir = /data/logs/arrival/tree-63/
# runs: 10
.: /data/logs/arrival/tree-63//2025-01-03//04:41/
┏━━━━━━━━━━━━━━┳━━━━━━━━━━━━━━┳━━━━━━━━━━━━━━┳━━━━━━━━━━━━━━┓
┃ main.yo (l1) ┃ main.yo (s)  ┃ cont.yo (l1) ┃ cont.yo (s)  ┃
┡━━━━━━━━━━━━━━╇━━━━━━━━━━━━━━╇━━━━━━━━━━━━━━╇━━━━━━━━━━━━━━┩
│ 0.087 ±0.008 │ 4.046 ±0.059 │ 0.120 ±0.005 │ 2.385 ±0.037 │
└──────────────┴──────────────┴──────────────┴──────────────┘
┏━━━━━━━━┳━━━━━━━━━━━━━━┳━━━━━━━━━━━━━━┓
┃ metric ┃ main.yo      ┃ cont.yo      ┃
┡━━━━━━━━╇━━━━━━━━━━━━━━╇━━━━━━━━━━━━━━┩
│ l1     │ 0.087 ±0.008 │ 0.120 ±0.005 │
│ sec    │ 4.046 ±0.059 │ 2.385 ±0.037 │
└────────┴──────────────┴──────────────┘
gossip/g4
logdir = /data/logs/gossip/g4/2025-01-03/04:47/
WARNING! saw unexpected file main.psi
main.yo(n:1000): 100%|██████████████████████████████████████████████████████████████████████████████████| 10/10 [00:03<00:00,  2.69it/s]
cont.yo(n:1000): 100%|██████████████████████████████████████████████████████████████████████████████████| 10/10 [00:03<00:00,  2.66it/s]
main.py(n:1000): 100%|██████████████████████████████████████████████████████████████████████████████████| 10/10 [01:07<00:00,  6.75s/it]
logdir = /data/logs/gossip/g4/
# runs: 10
.: /data/logs/gossip/g4//2025-01-03//04:47/
┏━━━━━━━━━━━━━━┳━━━━━━━━━━━━━━┳━━━━━━━━━━━━━━┳━━━━━━━━━━━━━━┳━━━━━━━━━━━━━━┳━━━━━━━━━━━━━━━┓
┃ main.yo (l1) ┃ main.yo (s)  ┃ cont.yo (l1) ┃ cont.yo (s)  ┃ main.py (l1) ┃ main.py (s)   ┃
┡━━━━━━━━━━━━━━╇━━━━━━━━━━━━━━╇━━━━━━━━━━━━━━╇━━━━━━━━━━━━━━╇━━━━━━━━━━━━━━╇━━━━━━━━━━━━━━━┩
│ 0.118 ±0.007 │ 1.229 ±0.012 │ 0.108 ±0.003 │ 1.234 ±0.012 │ 0.128 ±0.005 │ 19.364 ±0.223 │
└──────────────┴──────────────┴──────────────┴──────────────┴──────────────┴───────────────┘
┏━━━━━━━━┳━━━━━━━━━━━━━━┳━━━━━━━━━━━━━━┳━━━━━━━━━━━━━━━┓
┃ metric ┃ main.yo      ┃ cont.yo      ┃ main.py       ┃
┡━━━━━━━━╇━━━━━━━━━━━━━━╇━━━━━━━━━━━━━━╇━━━━━━━━━━━━━━━┩
│ l1     │ 0.118 ±0.007 │ 0.108 ±0.003 │ 0.128 ±0.005  │
│ sec    │ 1.229 ±0.012 │ 1.234 ±0.012 │ 19.364 ±0.223 │
└────────┴──────────────┴──────────────┴───────────────┘
gossip/g10
logdir = /data/logs/gossip/g10/2025-01-03/04:49/
WARNING! saw unexpected file main.psi
main.yo(n:1000): 100%|██████████████████████████████████████████████████████████████████████████████████| 10/10 [00:06<00:00,  1.45it/s]
cont.yo(n:1000): 100%|██████████████████████████████████████████████████████████████████████████████████| 10/10 [00:07<00:00,  1.40it/s]
main.py(n:1000): 100%|██████████████████████████████████████████████████████████████████████████████████| 10/10 [01:09<00:00,  6.91s/it]
logdir = /data/logs/gossip/g10/
# runs: 10
.: /data/logs/gossip/g10//2025-01-03//04:49/
┏━━━━━━━━━━━━━━┳━━━━━━━━━━━━━━┳━━━━━━━━━━━━━━┳━━━━━━━━━━━━━━┳━━━━━━━━━━━━━━┳━━━━━━━━━━━━━━━┓
┃ main.yo (l1) ┃ main.yo (s)  ┃ cont.yo (l1) ┃ cont.yo (s)  ┃ main.py (l1) ┃ main.py (s)   ┃
┡━━━━━━━━━━━━━━╇━━━━━━━━━━━━━━╇━━━━━━━━━━━━━━╇━━━━━━━━━━━━━━╇━━━━━━━━━━━━━━╇━━━━━━━━━━━━━━━┩
│ 0.530 ±0.012 │ 2.270 ±0.008 │ 0.527 ±0.008 │ 2.348 ±0.009 │ 0.519 ±0.013 │ 19.989 ±0.222 │
└──────────────┴──────────────┴──────────────┴──────────────┴──────────────┴───────────────┘
┏━━━━━━━━┳━━━━━━━━━━━━━━┳━━━━━━━━━━━━━━┳━━━━━━━━━━━━━━━┓
┃ metric ┃ main.yo      ┃ cont.yo      ┃ main.py       ┃
┡━━━━━━━━╇━━━━━━━━━━━━━━╇━━━━━━━━━━━━━━╇━━━━━━━━━━━━━━━┩
│ l1     │ 0.530 ±0.012 │ 0.527 ±0.008 │ 0.519 ±0.013  │
│ sec    │ 2.270 ±0.008 │ 2.348 ±0.009 │ 19.989 ±0.222 │
└────────┴──────────────┴──────────────┴───────────────┘
gossip/g20
logdir = /data/logs/gossip/g20/2025-01-03/04:50/
WARNING! saw unexpected file main.psi
main.yo(n:1000): 100%|██████████████████████████████████████████████████████████████████████████████████| 10/10 [00:14<00:00,  1.41s/it]
cont.yo(n:1000): 100%|██████████████████████████████████████████████████████████████████████████████████| 10/10 [00:15<00:00,  1.53s/it]
main.py(n:1000): 100%|██████████████████████████████████████████████████████████████████████████████████| 10/10 [01:12<00:00,  7.25s/it]
logdir = /data/logs/gossip/g20/
# runs: 10
.: /data/logs/gossip/g20//2025-01-03//04:50/
┏━━━━━━━━━━━━━━┳━━━━━━━━━━━━━━┳━━━━━━━━━━━━━━┳━━━━━━━━━━━━━━┳━━━━━━━━━━━━━━┳━━━━━━━━━━━━━━━┓
┃ main.yo (l1) ┃ main.yo (s)  ┃ cont.yo (l1) ┃ cont.yo (s)  ┃ main.py (l1) ┃ main.py (s)   ┃
┡━━━━━━━━━━━━━━╇━━━━━━━━━━━━━━╇━━━━━━━━━━━━━━╇━━━━━━━━━━━━━━╇━━━━━━━━━━━━━━╇━━━━━━━━━━━━━━━┩
│ 0.746 ±0.008 │ 4.675 ±0.024 │ 0.730 ±0.013 │ 5.084 ±0.025 │ 0.735 ±0.008 │ 21.140 ±0.192 │
└──────────────┴──────────────┴──────────────┴──────────────┴──────────────┴───────────────┘
┏━━━━━━━━┳━━━━━━━━━━━━━━┳━━━━━━━━━━━━━━┳━━━━━━━━━━━━━━━┓
┃ metric ┃ main.yo      ┃ cont.yo      ┃ main.py       ┃
┡━━━━━━━━╇━━━━━━━━━━━━━━╇━━━━━━━━━━━━━━╇━━━━━━━━━━━━━━━┩
│ l1     │ 0.746 ±0.008 │ 0.730 ±0.013 │ 0.735 ±0.008  │
│ sec    │ 4.675 ±0.024 │ 5.084 ±0.025 │ 21.140 ±0.192 │
└────────┴──────────────┴──────────────┴───────────────┘
bayesnets/insurance
logdir = /data/logs/bayesnets/insurance/2025-01-03/04:52/
WARNING! saw unexpected file exact.yo.bk
WARNING! saw unexpected file main.psi
main.yo(n:1000): 100%|██████████████████████████████████████████████████████████████████████████████████| 10/10 [01:08<00:00,  6.89s/it]
cont.yo(n:1000): 100%|██████████████████████████████████████████████████████████████████████████████████| 10/10 [00:06<00:00,  1.61it/s]
main.py(n:1000): 100%|██████████████████████████████████████████████████████████████████████████████████| 10/10 [02:11<00:00, 13.13s/it]
logdir = /data/logs/bayesnets/insurance/
# runs: 10
.: /data/logs/bayesnets/insurance//2025-01-03//04:52/
┏━━━━━━━━━━━━━━┳━━━━━━━━━━━━━━━┳━━━━━━━━━━━━━━┳━━━━━━━━━━━━━━┳━━━━━━━━━━━━━━┳━━━━━━━━━━━━━━━┓
┃ main.yo (l1) ┃ main.yo (s)   ┃ cont.yo (l1) ┃ cont.yo (s)  ┃ main.py (l1) ┃ main.py (s)   ┃
┡━━━━━━━━━━━━━━╇━━━━━━━━━━━━━━━╇━━━━━━━━━━━━━━╇━━━━━━━━━━━━━━╇━━━━━━━━━━━━━━╇━━━━━━━━━━━━━━━┩
│ 0.099 ±0.014 │ 23.220 ±0.212 │ 0.144 ±0.019 │ 2.091 ±0.040 │ 0.182 ±0.031 │ 40.310 ±0.293 │
└──────────────┴───────────────┴──────────────┴──────────────┴──────────────┴───────────────┘
┏━━━━━━━━┳━━━━━━━━━━━━━━━┳━━━━━━━━━━━━━━┳━━━━━━━━━━━━━━━┓
┃ metric ┃ main.yo       ┃ cont.yo      ┃ main.py       ┃
┡━━━━━━━━╇━━━━━━━━━━━━━━━╇━━━━━━━━━━━━━━╇━━━━━━━━━━━━━━━┩
│ l1     │ 0.099 ±0.014  │ 0.144 ±0.019 │ 0.182 ±0.031  │
│ sec    │ 23.220 ±0.212 │ 2.091 ±0.040 │ 40.310 ±0.293 │
└────────┴───────────────┴──────────────┴───────────────┘
bayesnets/alarm
logdir = /data/logs/bayesnets/alarm/2025-01-03/04:55/
WARNING! saw unexpected file main.psi
exact.yo(n:1): 100%|████████████████████████████████████████████████████████████████████████████████████| 10/10 [00:05<00:00,  1.97it/s]
main.yo(n:1000): 100%|██████████████████████████████████████████████████████████████████████████████████| 10/10 [01:25<00:00,  8.55s/it]
WARNING! saw unexpected file alarm.svg
cont.yo(n:1000): 100%|██████████████████████████████████████████████████████████████████████████████████| 10/10 [00:02<00:00,  3.62it/s]
main.py(n:1000): 100%|██████████████████████████████████████████████████████████████████████████████████| 10/10 [02:36<00:00, 15.64s/it]
logdir = /data/logs/bayesnets/alarm/
# runs: 10
.: /data/logs/bayesnets/alarm//2025-01-03//04:55/
┏━━━━━━━━━━━━━━━┳━━━━━━━━━━━━━━┳━━━━━━━━━━━━━━┳━━━━━━━━━━━━━━━┳━━━━━━━━━━━━━━┳━━━━━━━━━━━━━━┳━━━━━━━━━━━━━━┳━━━━━━━━━━━━━━━┓
┃ exact.yo (l1) ┃ exact.yo (s) ┃ main.yo (l1) ┃ main.yo (s)   ┃ cont.yo (l1) ┃ cont.yo (s)  ┃ main.py (l1) ┃ main.py (s)   ┃
┡━━━━━━━━━━━━━━━╇━━━━━━━━━━━━━━╇━━━━━━━━━━━━━━╇━━━━━━━━━━━━━━━╇━━━━━━━━━━━━━━╇━━━━━━━━━━━━━━╇━━━━━━━━━━━━━━╇━━━━━━━━━━━━━━━┩
│ 0.376 ±0.000  │ 1.698 ±0.041 │ 0.350 ±0.068 │ 28.759 ±0.202 │ 1.238 ±0.145 │ 0.908 ±0.023 │ 1.191 ±0.109 │ 48.312 ±0.506 │
└───────────────┴──────────────┴──────────────┴───────────────┴──────────────┴──────────────┴──────────────┴───────────────┘
┏━━━━━━━━┳━━━━━━━━━━━━━━┳━━━━━━━━━━━━━━━┳━━━━━━━━━━━━━━┳━━━━━━━━━━━━━━━┓
┃ metric ┃ exact.yo     ┃ main.yo       ┃ cont.yo      ┃ main.py       ┃
┡━━━━━━━━╇━━━━━━━━━━━━━━╇━━━━━━━━━━━━━━━╇━━━━━━━━━━━━━━╇━━━━━━━━━━━━━━━┩
│ l1     │ 0.376 ±0.000 │ 0.350 ±0.068  │ 1.238 ±0.145 │ 1.191 ±0.109  │
│ sec    │ 1.698 ±0.041 │ 28.759 ±0.202 │ 0.908 ±0.023 │ 48.312 ±0.506 │
└────────┴──────────────┴───────────────┴──────────────┴───────────────┘
Saw --no-psi, not running PSI benchmark.
Evaluations complete. tabulating results now...
Hybrid Benchmark
┏━━━━━━━━━━━━━━━━┳━━━━━━━━━━┳━━━━━━━━━┳━━━━━━━━━━━━━━┳━━━━━━━━━━━━━━━┳━━━━━━━━━━━━━━━━┳━━━━━━━━━━━━━━━━┳━━━━━━━━━━━━━━━┳━━━━━━━━━━━━━━━┓
┃                ┃          ┃         ┃              ┃               ┃ MultiPPL       ┃ MultiPPL       ┃               ┃               ┃
┃ Model          ┃ PSI (l1) ┃ PSI (s) ┃ Pyro (l1)    ┃ Pyro (s)      ┃ (Cont, l1)     ┃ (Cont, s)      ┃ MultiPPL (l1) ┃ MultiPPL (s)  ┃
┡━━━━━━━━━━━━━━━━╇━━━━━━━━━━╇━━━━━━━━━╇━━━━━━━━━━━━━━╇━━━━━━━━━━━━━━━╇━━━━━━━━━━━━━━━━╇━━━━━━━━━━━━━━━━╇━━━━━━━━━━━━━━━╇━━━━━━━━━━━━━━━┩
│ arrival/tree-… │ ---      │ ---     │ 0.361 ±0.012 │ 36.307 ±0.310 │ 0.354 ±0.012   │ 0.641 ±0.021   │ 0.329 ±0.011  │ 0.792 ±0.023  │
│ arrival/tree-… │ ---      │ ---     │ 0.217 ±0.002 │ 76.644 ±0.775 │ 0.224 ±0.007   │ 0.988 ±0.018   │ 0.179 ±0.010  │ 1.497 ±0.016  │
│ arrival/tree-… │ ---      │ ---     │ ---          │ ---           │ 0.120 ±0.005   │ 2.385 ±0.037   │ 0.087 ±0.008  │ 4.046 ±0.059  │
├────────────────┼──────────┼─────────┼──────────────┼───────────────┼────────────────┼────────────────┼───────────────┼───────────────┤
│ alarm          │ ---      │ ---     │ 1.191 ±0.109 │ 48.312 ±0.506 │ 1.238 ±0.145   │ 0.908 ±0.023   │ 0.350 ±0.068  │ 28.759 ±0.202 │
│ insurance      │ ---      │ ---     │ 0.182 ±0.031 │ 40.310 ±0.293 │ 0.144 ±0.019   │ 2.091 ±0.040   │ 0.099 ±0.014  │ 23.220 ±0.212 │
├────────────────┼──────────┼─────────┼──────────────┼───────────────┼────────────────┼────────────────┼───────────────┼───────────────┤
│ gossip/4       │ ---      │ ---     │ 0.128 ±0.005 │ 19.364 ±0.223 │ 0.108 ±0.003   │ 1.234 ±0.012   │ 0.118 ±0.007  │ 1.229 ±0.012  │
│ gossip/10      │ ---      │ ---     │ 0.519 ±0.013 │ 19.989 ±0.222 │ 0.527 ±0.008   │ 2.348 ±0.009   │ 0.530 ±0.012  │ 2.270 ±0.008  │
│ gossip/20      │ ---      │ ---     │ 0.735 ±0.008 │ 21.140 ±0.192 │ 0.730 ±0.013   │ 5.084 ±0.025   │ 0.746 ±0.008  │ 4.675 ±0.024  │
└────────────────┴──────────┴─────────┴──────────────┴───────────────┴────────────────┴────────────────┴───────────────┴───────────────┘
Discrete Benchmark
┏━━━━━━━━━┳━━━━━━━━━┳━━━━━━━━━━━━━━━━━┳━━━━━━━━━━━━━━┳━━━━━━━━━━━━━━━┳━━━━━━━━━━━━━━━━┳━━━━━━━━━━━━━━━━━┳━━━━━━━━━━━━━━━┳━━━━━━━━━━━━━━┓
┃         ┃         ┃ MultiPPL (Disc, ┃              ┃               ┃ MultiPPL       ┃ MultiPPL (Cont, ┃               ┃              ┃
┃ # Nodes ┃ PSI (s) ┃ s)              ┃ Pyro (l1)    ┃ Pyro (s)      ┃ (Cont, l1)     ┃ s)              ┃ MultiPPL (l1) ┃ MultiPPL (s) ┃
┡━━━━━━━━━╇━━━━━━━━━╇━━━━━━━━━━━━━━━━━╇━━━━━━━━━━━━━━╇━━━━━━━━━━━━━━━╇━━━━━━━━━━━━━━━━╇━━━━━━━━━━━━━━━━━╇━━━━━━━━━━━━━━━╇━━━━━━━━━━━━━━┩
│ 9       │ ---     │ 0.004 ±0.001    │ 0.086 ±0.004 │ 10.759 ±0.125 │ 0.086 ±0.006   │ 0.509 ±0.038    │ 0.032 ±0.005  │ 0.545 ±0.038 │
│ 36      │ ---     │ 0.190 ±0.006    │ 1.826 ±0.026 │ 43.114 ±0.386 │ 0.314 ±0.014   │ 0.641 ±0.025    │ 0.048 ±0.004  │ 2.425 ±0.059 │
│ 81      │ ---     │ 64.467 ±nan     │ 7.825 ±0.062 │ 99.091 ±0.763 │ 0.666 ±0.009   │ 1.415 ±0.022    │ ---           │ ---          │
└─────────┴─────────┴─────────────────┴──────────────┴───────────────┴────────────────┴─────────────────┴───────────────┴──────────────┘
output saved to /data/logs/timeouts, /data/logs/hybrid.rich, /data/logs/discrete.rich
multippl-benchmark all --logdir /data/logs --num-threads 4 --timeout-min 2  1  8030.28s user 303.44s system 330% cpu 42:00.96 total
