# time multippl-benchmark all --logdir /data/logs --num-threads 4 \
                         --timeout-min 2 --num-runs 10 --no-psi
grids/3x3
logdir = /data/logs/grids/3x3/2025-01-03/01:50/
exact.yo(n:1): 100%|███████████████████████████████████████████████████████████████████████████████████| 10/10 [00:00<00:00, 426.74it/s]
main.py(n:1000): 100%|██████████████████████████████████████████████████████████████████████████████████| 10/10 [00:15<00:00,  1.52s/it]
WARNING! saw unexpected file main.psi
diag.yo(n:1000): 100%|██████████████████████████████████████████████████████████████████████████████████| 10/10 [00:00<00:00, 28.20it/s]
cont.yo(n:1000): 100%|██████████████████████████████████████████████████████████████████████████████████| 10/10 [00:00<00:00, 33.76it/s]
logdir = /data/logs/grids/3x3/
# runs: 10
.: /data/logs/grids/3x3//2025-01-03//01:50/
┏━━━━━━━━━━━━━━━┳━━━━━━━━━━━━━━┳━━━━━━━━━━━━━━┳━━━━━━━━━━━━━━┳━━━━━━━━━━━━━━┳━━━━━━━━━━━━━━┳━━━━━━━━━━━━━━┳━━━━━━━━━━━━━━┓
┃ exact.yo (l1) ┃ exact.yo (s) ┃ main.py (l1) ┃ main.py (s)  ┃ diag.yo (l1) ┃ diag.yo (s)  ┃ cont.yo (l1) ┃ cont.yo (s)  ┃
┡━━━━━━━━━━━━━━━╇━━━━━━━━━━━━━━╇━━━━━━━━━━━━━━╇━━━━━━━━━━━━━━╇━━━━━━━━━━━━━━╇━━━━━━━━━━━━━━╇━━━━━━━━━━━━━━╇━━━━━━━━━━━━━━┩
│ 0.000 ±0.000  │ 0.003 ±0.001 │ 0.086 ±0.004 │ 3.135 ±0.036 │ 0.032 ±0.005 │ 0.099 ±0.004 │ 0.086 ±0.006 │ 0.074 ±0.004 │
└───────────────┴──────────────┴──────────────┴──────────────┴──────────────┴──────────────┴──────────────┴──────────────┘
┏━━━━━━━━┳━━━━━━━━━━━━━━┳━━━━━━━━━━━━━━┳━━━━━━━━━━━━━━┳━━━━━━━━━━━━━━┓
┃ metric ┃ exact.yo     ┃ main.py      ┃ diag.yo      ┃ cont.yo      ┃
┡━━━━━━━━╇━━━━━━━━━━━━━━╇━━━━━━━━━━━━━━╇━━━━━━━━━━━━━━╇━━━━━━━━━━━━━━┩
│ l1     │ 0.000 ±0.000 │ 0.086 ±0.004 │ 0.032 ±0.005 │ 0.086 ±0.006 │
│ sec    │ 0.003 ±0.001 │ 3.135 ±0.036 │ 0.099 ±0.004 │ 0.074 ±0.004 │
└────────┴──────────────┴──────────────┴──────────────┴──────────────┘
grids/6x6
logdir = /data/logs/grids/6x6/2025-01-03/01:51/
cont.yo(n:1000): 100%|██████████████████████████████████████████████████████████████████████████████████| 10/10 [00:00<00:00, 15.50it/s]
diag.yo(n:1000): 100%|██████████████████████████████████████████████████████████████████████████████████| 10/10 [00:03<00:00,  3.22it/s]
exact.yo(n:1): 100%|████████████████████████████████████████████████████████████████████████████████████| 10/10 [00:00<00:00, 22.35it/s]
main.py(n:1000): 100%|██████████████████████████████████████████████████████████████████████████████████| 10/10 [00:45<00:00,  4.57s/it]
WARNING! saw unexpected file main.psi
logdir = /data/logs/grids/6x6/
# runs: 10
.: /data/logs/grids/6x6//2025-01-03//01:51/
┏━━━━━━━━━━━━━━┳━━━━━━━━━━━━━━┳━━━━━━━━━━━━━━┳━━━━━━━━━━━━━━┳━━━━━━━━━━━━━━━┳━━━━━━━━━━━━━━┳━━━━━━━━━━━━━━┳━━━━━━━━━━━━━━━┓
┃ cont.yo (l1) ┃ cont.yo (s)  ┃ diag.yo (l1) ┃ diag.yo (s)  ┃ exact.yo (l1) ┃ exact.yo (s) ┃ main.py (l1) ┃ main.py (s)   ┃
┡━━━━━━━━━━━━━━╇━━━━━━━━━━━━━━╇━━━━━━━━━━━━━━╇━━━━━━━━━━━━━━╇━━━━━━━━━━━━━━━╇━━━━━━━━━━━━━━╇━━━━━━━━━━━━━━╇━━━━━━━━━━━━━━━┩
│ 0.314 ±0.014 │ 0.202 ±0.008 │ 0.048 ±0.004 │ 1.047 ±0.034 │ 0.000 ±0.000  │ 0.127 ±0.003 │ 1.826 ±0.026 │ 13.186 ±0.259 │
└──────────────┴──────────────┴──────────────┴──────────────┴───────────────┴──────────────┴──────────────┴───────────────┘
┏━━━━━━━━┳━━━━━━━━━━━━━━┳━━━━━━━━━━━━━━┳━━━━━━━━━━━━━━┳━━━━━━━━━━━━━━━┓
┃ metric ┃ cont.yo      ┃ diag.yo      ┃ exact.yo     ┃ main.py       ┃
┡━━━━━━━━╇━━━━━━━━━━━━━━╇━━━━━━━━━━━━━━╇━━━━━━━━━━━━━━╇━━━━━━━━━━━━━━━┩
│ l1     │ 0.314 ±0.014 │ 0.048 ±0.004 │ 0.000 ±0.000 │ 1.826 ±0.026  │
│ sec    │ 0.202 ±0.008 │ 1.047 ±0.034 │ 0.127 ±0.003 │ 13.186 ±0.259 │
└────────┴──────────────┴──────────────┴──────────────┴───────────────┘
grids/9x9
logdir = /data/logs/grids/9x9/2025-01-03/01:52/
cont.yo(n:1000): 100%|██████████████████████████████████████████████████████████████████████████████████| 10/10 [00:02<00:00,  4.98it/s]
diag.yo(n:1000): 100%|██████████████████████████████████████████████████████████████████████████████████| 10/10 [05:53<00:00, 35.35s/it]
WARNING! saw unexpected file main.psi
exact.yo(n:1): 100%|████████████████████████████████████████████████████████████████████████████████████| 10/10 [05:55<00:00, 35.60s/it]
main.py(n:1000): 100%|██████████████████████████████████████████████████████████████████████████████████| 10/10 [01:46<00:00, 10.60s/it]
logdir = /data/logs/grids/9x9/
WARNING! counts are not consistent for . /data/logs/grids/9x9//2025-01-03//01:52/! Got: 10 2 2 10
for:  cont.yo diag.yo main.psi exact.yo main.py
# runs: 10
.: /data/logs/grids/9x9//2025-01-03//01:52/
┏━━━━━━━━━━━━━━┳━━━━━━━━━━━━━━┳━━━━━━━━━━━━━━┳━━━━━━━━━━━━━━━━┳━━━━━━━━━━━━━━━┳━━━━━━━━━━━━━━━━┳━━━━━━━━━━━━━━┳━━━━━━━━━━━━━━━┓
┃ cont.yo (l1) ┃ cont.yo (s)  ┃ diag.yo (l1) ┃ diag.yo (s)    ┃ exact.yo (l1) ┃ exact.yo (s)   ┃ main.py (l1) ┃ main.py (s)   ┃
┡━━━━━━━━━━━━━━╇━━━━━━━━━━━━━━╇━━━━━━━━━━━━━━╇━━━━━━━━━━━━━━━━╇━━━━━━━━━━━━━━━╇━━━━━━━━━━━━━━━━╇━━━━━━━━━━━━━━╇━━━━━━━━━━━━━━━┩
│ 0.666 ±0.009 │ 0.666 ±0.022 │ 0.078 ±0.000 │ 113.479 ±0.001 │ 0.000 ±0.000  │ 108.302 ±5.432 │ 7.825 ±0.062 │ 32.416 ±0.669 │
└──────────────┴──────────────┴──────────────┴────────────────┴───────────────┴────────────────┴──────────────┴───────────────┘
┏━━━━━━━━┳━━━━━━━━━━━━━━┳━━━━━━━━━━━━━━━━┳━━━━━━━━━━━━━━━━┳━━━━━━━━━━━━━━━┓
┃ metric ┃ cont.yo      ┃ diag.yo        ┃ exact.yo       ┃ main.py       ┃
┡━━━━━━━━╇━━━━━━━━━━━━━━╇━━━━━━━━━━━━━━━━╇━━━━━━━━━━━━━━━━╇━━━━━━━━━━━━━━━┩
│ l1     │ 0.666 ±0.009 │ 0.078 ±0.000   │ 0.000 ±0.000   │ 7.825 ±0.062  │
│ sec    │ 0.666 ±0.022 │ 113.479 ±0.001 │ 108.302 ±5.432 │ 32.416 ±0.669 │
└────────┴──────────────┴────────────────┴────────────────┴───────────────┘
arrival/tree-15
logdir = /data/logs/arrival/tree-15/2025-01-03/02:05/
cont.yo(n:1000): 100%|██████████████████████████████████████████████████████████████████████████████████| 10/10 [00:00<00:00, 13.41it/s]
main.yo(n:1000): 100%|██████████████████████████████████████████████████████████████████████████████████| 10/10 [00:01<00:00,  9.54it/s]
WARNING! saw unexpected file network15.dice.bk
main.py(n:1000): 100%|██████████████████████████████████████████████████████████████████████████████████| 10/10 [00:43<00:00,  4.30s/it]
logdir = /data/logs/arrival/tree-15/
# runs: 10
.: /data/logs/arrival/tree-15//2025-01-03//02:05/
┏━━━━━━━━━━━━━━┳━━━━━━━━━━━━━━┳━━━━━━━━━━━━━━┳━━━━━━━━━━━━━━┳━━━━━━━━━━━━━━┳━━━━━━━━━━━━━━━┓
┃ cont.yo (l1) ┃ cont.yo (s)  ┃ main.yo (l1) ┃ main.yo (s)  ┃ main.py (l1) ┃ main.py (s)   ┃
┡━━━━━━━━━━━━━━╇━━━━━━━━━━━━━━╇━━━━━━━━━━━━━━╇━━━━━━━━━━━━━━╇━━━━━━━━━━━━━━╇━━━━━━━━━━━━━━━┩
│ 0.354 ±0.012 │ 0.218 ±0.008 │ 0.329 ±0.011 │ 0.342 ±0.009 │ 0.361 ±0.012 │ 12.052 ±0.246 │
└──────────────┴──────────────┴──────────────┴──────────────┴──────────────┴───────────────┘
┏━━━━━━━━┳━━━━━━━━━━━━━━┳━━━━━━━━━━━━━━┳━━━━━━━━━━━━━━━┓
┃ metric ┃ cont.yo      ┃ main.yo      ┃ main.py       ┃
┡━━━━━━━━╇━━━━━━━━━━━━━━╇━━━━━━━━━━━━━━╇━━━━━━━━━━━━━━━┩
│ l1     │ 0.354 ±0.012 │ 0.329 ±0.011 │ 0.361 ±0.012  │
│ sec    │ 0.218 ±0.008 │ 0.342 ±0.009 │ 12.052 ±0.246 │
└────────┴──────────────┴──────────────┴───────────────┘
arrival/tree-31
logdir = /data/logs/arrival/tree-31/2025-01-03/02:06/
main.yo(n:1000): 100%|██████████████████████████████████████████████████████████████████████████████████| 10/10 [00:02<00:00,  4.16it/s]
cont.yo(n:1000): 100%|██████████████████████████████████████████████████████████████████████████████████| 10/10 [00:01<00:00,  6.86it/s]
WARNING! saw unexpected file network31.dice.bk
main.py(n:1000): 100%|██████████████████████████████████████████████████████████████████████████████████| 10/10 [01:24<00:00,  8.45s/it]
logdir = /data/logs/arrival/tree-31/
# runs: 10
.: /data/logs/arrival/tree-31//2025-01-03//02:06/
┏━━━━━━━━━━━━━━┳━━━━━━━━━━━━━━┳━━━━━━━━━━━━━━┳━━━━━━━━━━━━━━┳━━━━━━━━━━━━━━┳━━━━━━━━━━━━━━━┓
┃ main.yo (l1) ┃ main.yo (s)  ┃ cont.yo (l1) ┃ cont.yo (s)  ┃ main.py (l1) ┃ main.py (s)   ┃
┡━━━━━━━━━━━━━━╇━━━━━━━━━━━━━━╇━━━━━━━━━━━━━━╇━━━━━━━━━━━━━━╇━━━━━━━━━━━━━━╇━━━━━━━━━━━━━━━┩
│ 0.179 ±0.010 │ 0.802 ±0.032 │ 0.224 ±0.007 │ 0.459 ±0.016 │ 0.217 ±0.002 │ 25.341 ±0.529 │
└──────────────┴──────────────┴──────────────┴──────────────┴──────────────┴───────────────┘
┏━━━━━━━━┳━━━━━━━━━━━━━━┳━━━━━━━━━━━━━━┳━━━━━━━━━━━━━━━┓
┃ metric ┃ main.yo      ┃ cont.yo      ┃ main.py       ┃
┡━━━━━━━━╇━━━━━━━━━━━━━━╇━━━━━━━━━━━━━━╇━━━━━━━━━━━━━━━┩
│ l1     │ 0.179 ±0.010 │ 0.224 ±0.007 │ 0.217 ±0.002  │
│ sec    │ 0.802 ±0.032 │ 0.459 ±0.016 │ 25.341 ±0.529 │
└────────┴──────────────┴──────────────┴───────────────┘
arrival/tree-63
logdir = /data/logs/arrival/tree-63/2025-01-03/02:07/
main.py(n:1000): 100%|██████████████████████████████████████████████████████████████████████████████████| 10/10 [02:56<00:00, 17.67s/it]
main.yo(n:1000): 100%|██████████████████████████████████████████████████████████████████████████████████| 10/10 [00:06<00:00,  1.65it/s]
WARNING! saw unexpected file network63.dice.bk
cont.yo(n:1000): 100%|██████████████████████████████████████████████████████████████████████████████████| 10/10 [00:03<00:00,  2.85it/s]
logdir = /data/logs/arrival/tree-63/
# runs: 10
.: /data/logs/arrival/tree-63//2025-01-03//02:07/
┏━━━━━━━━━━━━━━┳━━━━━━━━━━━━━━━┳━━━━━━━━━━━━━━┳━━━━━━━━━━━━━━┳━━━━━━━━━━━━━━┳━━━━━━━━━━━━━━┓
┃ main.py (l1) ┃ main.py (s)   ┃ main.yo (l1) ┃ main.yo (s)  ┃ cont.yo (l1) ┃ cont.yo (s)  ┃
┡━━━━━━━━━━━━━━╇━━━━━━━━━━━━━━━╇━━━━━━━━━━━━━━╇━━━━━━━━━━━━━━╇━━━━━━━━━━━━━━╇━━━━━━━━━━━━━━┩
│ 0.116 ±0.006 │ 54.499 ±0.855 │ 0.087 ±0.008 │ 2.061 ±0.066 │ 0.120 ±0.005 │ 1.191 ±0.036 │
└──────────────┴───────────────┴──────────────┴──────────────┴──────────────┴──────────────┘
┏━━━━━━━━┳━━━━━━━━━━━━━━━┳━━━━━━━━━━━━━━┳━━━━━━━━━━━━━━┓
┃ metric ┃ main.py       ┃ main.yo      ┃ cont.yo      ┃
┡━━━━━━━━╇━━━━━━━━━━━━━━━╇━━━━━━━━━━━━━━╇━━━━━━━━━━━━━━┩
│ l1     │ 0.116 ±0.006  │ 0.087 ±0.008 │ 0.120 ±0.005 │
│ sec    │ 54.499 ±0.855 │ 2.061 ±0.066 │ 1.191 ±0.036 │
└────────┴───────────────┴──────────────┴──────────────┘
gossip/g4
logdir = /data/logs/gossip/g4/2025-01-03/02:11/
cont.yo(n:1000): 100%|██████████████████████████████████████████████████████████████████████████████████| 10/10 [00:02<00:00,  4.98it/s]
main.yo(n:1000): 100%|██████████████████████████████████████████████████████████████████████████████████| 10/10 [00:02<00:00,  5.00it/s]
WARNING! saw unexpected file main.psi
main.py(n:1000): 100%|██████████████████████████████████████████████████████████████████████████████████| 10/10 [00:25<00:00,  2.58s/it]
logdir = /data/logs/gossip/g4/
# runs: 10
.: /data/logs/gossip/g4//2025-01-03//02:11/
┏━━━━━━━━━━━━━━┳━━━━━━━━━━━━━━┳━━━━━━━━━━━━━━┳━━━━━━━━━━━━━━┳━━━━━━━━━━━━━━┳━━━━━━━━━━━━━━┓
┃ cont.yo (l1) ┃ cont.yo (s)  ┃ main.yo (l1) ┃ main.yo (s)  ┃ main.py (l1) ┃ main.py (s)  ┃
┡━━━━━━━━━━━━━━╇━━━━━━━━━━━━━━╇━━━━━━━━━━━━━━╇━━━━━━━━━━━━━━╇━━━━━━━━━━━━━━╇━━━━━━━━━━━━━━┩
│ 0.108 ±0.003 │ 0.646 ±0.018 │ 0.118 ±0.007 │ 0.666 ±0.021 │ 0.128 ±0.005 │ 6.619 ±0.123 │
└──────────────┴──────────────┴──────────────┴──────────────┴──────────────┴──────────────┘
┏━━━━━━━━┳━━━━━━━━━━━━━━┳━━━━━━━━━━━━━━┳━━━━━━━━━━━━━━┓
┃ metric ┃ cont.yo      ┃ main.yo      ┃ main.py      ┃
┡━━━━━━━━╇━━━━━━━━━━━━━━╇━━━━━━━━━━━━━━╇━━━━━━━━━━━━━━┩
│ l1     │ 0.108 ±0.003 │ 0.118 ±0.007 │ 0.128 ±0.005 │
│ sec    │ 0.646 ±0.018 │ 0.666 ±0.021 │ 6.619 ±0.123 │
└────────┴──────────────┴──────────────┴──────────────┘
gossip/g10
logdir = /data/logs/gossip/g10/2025-01-03/02:11/
main.yo(n:1000): 100%|██████████████████████████████████████████████████████████████████████████████████| 10/10 [00:04<00:00,  2.44it/s]
WARNING! saw unexpected file main.psi
cont.yo(n:1000): 100%|██████████████████████████████████████████████████████████████████████████████████| 10/10 [00:04<00:00,  2.41it/s]
main.py(n:1000): 100%|██████████████████████████████████████████████████████████████████████████████████| 10/10 [00:27<00:00,  2.74s/it]
logdir = /data/logs/gossip/g10/
# runs: 10
.: /data/logs/gossip/g10//2025-01-03//02:11/
┏━━━━━━━━━━━━━━┳━━━━━━━━━━━━━━┳━━━━━━━━━━━━━━┳━━━━━━━━━━━━━━┳━━━━━━━━━━━━━━┳━━━━━━━━━━━━━━┓
┃ main.yo (l1) ┃ main.yo (s)  ┃ cont.yo (l1) ┃ cont.yo (s)  ┃ main.py (l1) ┃ main.py (s)  ┃
┡━━━━━━━━━━━━━━╇━━━━━━━━━━━━━━╇━━━━━━━━━━━━━━╇━━━━━━━━━━━━━━╇━━━━━━━━━━━━━━╇━━━━━━━━━━━━━━┩
│ 0.530 ±0.012 │ 1.376 ±0.028 │ 0.527 ±0.008 │ 1.398 ±0.036 │ 0.519 ±0.013 │ 7.097 ±0.145 │
└──────────────┴──────────────┴──────────────┴──────────────┴──────────────┴──────────────┘
┏━━━━━━━━┳━━━━━━━━━━━━━━┳━━━━━━━━━━━━━━┳━━━━━━━━━━━━━━┓
┃ metric ┃ main.yo      ┃ cont.yo      ┃ main.py      ┃
┡━━━━━━━━╇━━━━━━━━━━━━━━╇━━━━━━━━━━━━━━╇━━━━━━━━━━━━━━┩
│ l1     │ 0.530 ±0.012 │ 0.527 ±0.008 │ 0.519 ±0.013 │
│ sec    │ 1.376 ±0.028 │ 1.398 ±0.036 │ 7.097 ±0.145 │
└────────┴──────────────┴──────────────┴──────────────┘
gossip/g20
logdir = /data/logs/gossip/g20/2025-01-03/02:12/
cont.yo(n:1000): 100%|██████████████████████████████████████████████████████████████████████████████████| 10/10 [00:09<00:00,  1.11it/s]
main.yo(n:1000): 100%|██████████████████████████████████████████████████████████████████████████████████| 10/10 [00:08<00:00,  1.18it/s]
main.py(n:1000): 100%|██████████████████████████████████████████████████████████████████████████████████| 10/10 [00:27<00:00,  2.78s/it]
WARNING! saw unexpected file main.psi
logdir = /data/logs/gossip/g20/
# runs: 10
.: /data/logs/gossip/g20//2025-01-03//02:12/
┏━━━━━━━━━━━━━━┳━━━━━━━━━━━━━━┳━━━━━━━━━━━━━━┳━━━━━━━━━━━━━━┳━━━━━━━━━━━━━━┳━━━━━━━━━━━━━━┓
┃ cont.yo (l1) ┃ cont.yo (s)  ┃ main.yo (l1) ┃ main.yo (s)  ┃ main.py (l1) ┃ main.py (s)  ┃
┡━━━━━━━━━━━━━━╇━━━━━━━━━━━━━━╇━━━━━━━━━━━━━━╇━━━━━━━━━━━━━━╇━━━━━━━━━━━━━━╇━━━━━━━━━━━━━━┩
│ 0.730 ±0.013 │ 3.065 ±0.084 │ 0.746 ±0.008 │ 2.884 ±0.082 │ 0.735 ±0.008 │ 7.238 ±0.154 │
└──────────────┴──────────────┴──────────────┴──────────────┴──────────────┴──────────────┘
┏━━━━━━━━┳━━━━━━━━━━━━━━┳━━━━━━━━━━━━━━┳━━━━━━━━━━━━━━┓
┃ metric ┃ cont.yo      ┃ main.yo      ┃ main.py      ┃
┡━━━━━━━━╇━━━━━━━━━━━━━━╇━━━━━━━━━━━━━━╇━━━━━━━━━━━━━━┩
│ l1     │ 0.730 ±0.013 │ 0.746 ±0.008 │ 0.735 ±0.008 │
│ sec    │ 3.065 ±0.084 │ 2.884 ±0.082 │ 7.238 ±0.154 │
└────────┴──────────────┴──────────────┴──────────────┘
bayesnets/insurance
logdir = /data/logs/bayesnets/insurance/2025-01-03/02:13/
WARNING! saw unexpected file main.psi
main.py(n:1000): 100%|██████████████████████████████████████████████████████████████████████████████████| 10/10 [00:47<00:00,  4.77s/it]
WARNING! saw unexpected file exact.yo.bk
main.yo(n:1000): 100%|██████████████████████████████████████████████████████████████████████████████████| 10/10 [00:39<00:00,  3.92s/it]
cont.yo(n:1000): 100%|██████████████████████████████████████████████████████████████████████████████████| 10/10 [00:03<00:00,  3.21it/s]
logdir = /data/logs/bayesnets/insurance/
# runs: 10
.: /data/logs/bayesnets/insurance//2025-01-03//02:13/
┏━━━━━━━━━━━━━━┳━━━━━━━━━━━━━━━┳━━━━━━━━━━━━━━┳━━━━━━━━━━━━━━━┳━━━━━━━━━━━━━━┳━━━━━━━━━━━━━━┓
┃ main.py (l1) ┃ main.py (s)   ┃ main.yo (l1) ┃ main.yo (s)   ┃ cont.yo (l1) ┃ cont.yo (s)  ┃
┡━━━━━━━━━━━━━━╇━━━━━━━━━━━━━━━╇━━━━━━━━━━━━━━╇━━━━━━━━━━━━━━━╇━━━━━━━━━━━━━━╇━━━━━━━━━━━━━━┩
│ 0.182 ±0.031 │ 13.734 ±0.278 │ 0.099 ±0.014 │ 13.317 ±0.362 │ 0.144 ±0.019 │ 1.043 ±0.045 │
└──────────────┴───────────────┴──────────────┴───────────────┴──────────────┴──────────────┘
┏━━━━━━━━┳━━━━━━━━━━━━━━━┳━━━━━━━━━━━━━━━┳━━━━━━━━━━━━━━┓
┃ metric ┃ main.py       ┃ main.yo       ┃ cont.yo      ┃
┡━━━━━━━━╇━━━━━━━━━━━━━━━╇━━━━━━━━━━━━━━━╇━━━━━━━━━━━━━━┩
│ l1     │ 0.182 ±0.031  │ 0.099 ±0.014  │ 0.144 ±0.019 │
│ sec    │ 13.734 ±0.278 │ 13.317 ±0.362 │ 1.043 ±0.045 │
└────────┴───────────────┴───────────────┴──────────────┘
bayesnets/alarm
logdir = /data/logs/bayesnets/alarm/2025-01-03/02:14/
main.py(n:1000): 100%|██████████████████████████████████████████████████████████████████████████████████| 10/10 [00:58<00:00,  5.84s/it]
WARNING! saw unexpected file alarm.svg
cont.yo(n:1000): 100%|██████████████████████████████████████████████████████████████████████████████████| 10/10 [00:01<00:00,  7.70it/s]
exact.yo(n:1): 100%|████████████████████████████████████████████████████████████████████████████████████| 10/10 [00:03<00:00,  2.59it/s]
main.yo(n:1000): 100%|██████████████████████████████████████████████████████████████████████████████████| 10/10 [00:46<00:00,  4.67s/it]
WARNING! saw unexpected file main.psi
logdir = /data/logs/bayesnets/alarm/
# runs: 10
.: /data/logs/bayesnets/alarm//2025-01-03//02:14/
┏━━━━━━━━━━━━━━┳━━━━━━━━━━━━━━━┳━━━━━━━━━━━━━━┳━━━━━━━━━━━━━━┳━━━━━━━━━━━━━━━┳━━━━━━━━━━━━━━┳━━━━━━━━━━━━━━┳━━━━━━━━━━━━━━━┓
┃ main.py (l1) ┃ main.py (s)   ┃ cont.yo (l1) ┃ cont.yo (s)  ┃ exact.yo (l1) ┃ exact.yo (s) ┃ main.yo (l1) ┃ main.yo (s)   ┃
┡━━━━━━━━━━━━━━╇━━━━━━━━━━━━━━━╇━━━━━━━━━━━━━━╇━━━━━━━━━━━━━━╇━━━━━━━━━━━━━━━╇━━━━━━━━━━━━━━╇━━━━━━━━━━━━━━╇━━━━━━━━━━━━━━━┩
│ 1.191 ±0.109 │ 17.099 ±0.410 │ 1.238 ±0.145 │ 0.425 ±0.017 │ 0.376 ±0.000  │ 1.281 ±0.026 │ 0.350 ±0.068 │ 16.311 ±0.507 │
└──────────────┴───────────────┴──────────────┴──────────────┴───────────────┴──────────────┴──────────────┴───────────────┘
┏━━━━━━━━┳━━━━━━━━━━━━━━━┳━━━━━━━━━━━━━━┳━━━━━━━━━━━━━━┳━━━━━━━━━━━━━━━┓
┃ metric ┃ main.py       ┃ cont.yo      ┃ exact.yo     ┃ main.yo       ┃
┡━━━━━━━━╇━━━━━━━━━━━━━━━╇━━━━━━━━━━━━━━╇━━━━━━━━━━━━━━╇━━━━━━━━━━━━━━━┩
│ l1     │ 1.191 ±0.109  │ 1.238 ±0.145 │ 0.376 ±0.000 │ 0.350 ±0.068  │
│ sec    │ 17.099 ±0.410 │ 0.425 ±0.017 │ 1.281 ±0.026 │ 16.311 ±0.507 │
└────────┴───────────────┴──────────────┴──────────────┴───────────────┘
Saw --no-psi, not running PSI benchmark.
Evaluations complete. tabulating results now...
Hybrid Benchmark
┏━━━━━━━━━━━━━━━━┳━━━━━━━━━━┳━━━━━━━━━┳━━━━━━━━━━━━━━┳━━━━━━━━━━━━━━━┳━━━━━━━━━━━━━━━━┳━━━━━━━━━━━━━━━━┳━━━━━━━━━━━━━━━┳━━━━━━━━━━━━━━━┓
┃                ┃          ┃         ┃              ┃               ┃ MultiPPL       ┃ MultiPPL       ┃               ┃               ┃
┃ Model          ┃ PSI (l1) ┃ PSI (s) ┃ Pyro (l1)    ┃ Pyro (s)      ┃ (Cont, l1)     ┃ (Cont, s)      ┃ MultiPPL (l1) ┃ MultiPPL (s)  ┃
┡━━━━━━━━━━━━━━━━╇━━━━━━━━━━╇━━━━━━━━━╇━━━━━━━━━━━━━━╇━━━━━━━━━━━━━━━╇━━━━━━━━━━━━━━━━╇━━━━━━━━━━━━━━━━╇━━━━━━━━━━━━━━━╇━━━━━━━━━━━━━━━┩
│ arrival/tree-… │ ---      │ ---     │ 0.361 ±0.012 │ 12.052 ±0.246 │ 0.354 ±0.012   │ 0.218 ±0.008   │ 0.329 ±0.011  │ 0.342 ±0.009  │
│ arrival/tree-… │ ---      │ ---     │ 0.217 ±0.002 │ 25.341 ±0.529 │ 0.224 ±0.007   │ 0.459 ±0.016   │ 0.179 ±0.010  │ 0.802 ±0.032  │
│ arrival/tree-… │ ---      │ ---     │ 0.116 ±0.006 │ 54.499 ±0.855 │ 0.120 ±0.005   │ 1.191 ±0.036   │ 0.087 ±0.008  │ 2.061 ±0.066  │
├────────────────┼──────────┼─────────┼──────────────┼───────────────┼────────────────┼────────────────┼───────────────┼───────────────┤
│ alarm          │ ---      │ ---     │ 1.191 ±0.109 │ 17.099 ±0.410 │ 1.238 ±0.145   │ 0.425 ±0.017   │ 0.350 ±0.068  │ 16.311 ±0.507 │
│ insurance      │ ---      │ ---     │ 0.182 ±0.031 │ 13.734 ±0.278 │ 0.144 ±0.019   │ 1.043 ±0.045   │ 0.099 ±0.014  │ 13.317 ±0.362 │
├────────────────┼──────────┼─────────┼──────────────┼───────────────┼────────────────┼────────────────┼───────────────┼───────────────┤
│ gossip/4       │ ---      │ ---     │ 0.128 ±0.005 │ 6.619 ±0.123  │ 0.108 ±0.003   │ 0.646 ±0.018   │ 0.118 ±0.007  │ 0.666 ±0.021  │
│ gossip/10      │ ---      │ ---     │ 0.519 ±0.013 │ 7.097 ±0.145  │ 0.527 ±0.008   │ 1.398 ±0.036   │ 0.530 ±0.012  │ 1.376 ±0.028  │
│ gossip/20      │ ---      │ ---     │ 0.735 ±0.008 │ 7.238 ±0.154  │ 0.730 ±0.013   │ 3.065 ±0.084   │ 0.746 ±0.008  │ 2.884 ±0.082  │
└────────────────┴──────────┴─────────┴──────────────┴───────────────┴────────────────┴────────────────┴───────────────┴───────────────┘
Discrete Benchmark
┏━━━━━━━━━┳━━━━━━━━━┳━━━━━━━━━━━━━━━━┳━━━━━━━━━━━━━━┳━━━━━━━━━━━━━━━┳━━━━━━━━━━━━━━━━┳━━━━━━━━━━━━━━━━┳━━━━━━━━━━━━━━━┳━━━━━━━━━━━━━━━━┓
┃         ┃         ┃ MultiPPL       ┃              ┃               ┃ MultiPPL       ┃ MultiPPL       ┃               ┃                ┃
┃ # Nodes ┃ PSI (s) ┃ (Disc, s)      ┃ Pyro (l1)    ┃ Pyro (s)      ┃ (Cont, l1)     ┃ (Cont, s)      ┃ MultiPPL (l1) ┃ MultiPPL (s)   ┃
┡━━━━━━━━━╇━━━━━━━━━╇━━━━━━━━━━━━━━━━╇━━━━━━━━━━━━━━╇━━━━━━━━━━━━━━━╇━━━━━━━━━━━━━━━━╇━━━━━━━━━━━━━━━━╇━━━━━━━━━━━━━━━╇━━━━━━━━━━━━━━━━┩
│ 9       │ ---     │ 0.003 ±0.001   │ 0.086 ±0.004 │ 3.135 ±0.036  │ 0.086 ±0.006   │ 0.074 ±0.004   │ 0.032 ±0.005  │ 0.099 ±0.004   │
│ 36      │ ---     │ 0.127 ±0.003   │ 1.826 ±0.026 │ 13.186 ±0.259 │ 0.314 ±0.014   │ 0.202 ±0.008   │ 0.048 ±0.004  │ 1.047 ±0.034   │
│ 81      │ ---     │ 108.302 ±5.432 │ 7.825 ±0.062 │ 32.416 ±0.669 │ 0.666 ±0.009   │ 0.666 ±0.022   │ 0.078 ±0.000  │ 113.479 ±0.001 │
└─────────┴─────────┴────────────────┴──────────────┴───────────────┴────────────────┴────────────────┴───────────────┴────────────────┘
output saved to /data/logs/timeouts, /data/logs/hybrid.rich, /data/logs/discrete.rich
multippl-benchmark all --logdir /data/logs --num-threads 4 --timeout-min 2  1  3894.56s user 738.16s system 300% cpu 25:41.35 total
