$ sudo docker run -v $PWD/logs:/data/logs -it --memory 16G multippl:latest
# time multippl-benchmark all --no-psi
grids/3x3
logdir = /data/logs/grids/3x3/2025-01-02/04:17/
diag.yo(n:1000): 100%|████████████████████████████████████████████████████████████████████████████████| 100/100 [00:26<00:00,  3.82it/s]
WARNING! saw unexpected file main.psi
exact.yo(n:1): 100%|██████████████████████████████████████████████████████████████████████████████████| 100/100 [00:01<00:00, 81.18it/s]
cont.yo(n:1000): 100%|████████████████████████████████████████████████████████████████████████████████| 100/100 [00:20<00:00,  4.84it/s]
main.py(n:1000): 100%|████████████████████████████████████████████████████████████████████████████████| 100/100 [20:51<00:00, 12.51s/it]
logdir = /data/logs/grids/3x3/
# runs: 100
.: /data/logs/grids/3x3//2025-01-02//04:17/
┏━━━━━━━━━━━━━━┳━━━━━━━━━━━━━━┳━━━━━━━━━━━━━━━┳━━━━━━━━━━━━━━┳━━━━━━━━━━━━━━┳━━━━━━━━━━━━━━┳━━━━━━━━━━━━━━┳━━━━━━━━━━━━━━┓
┃ diag.yo (l1) ┃ diag.yo (s)  ┃ exact.yo (l1) ┃ exact.yo (s) ┃ cont.yo (l1) ┃ cont.yo (s)  ┃ main.py (l1) ┃ main.py (s)  ┃
┡━━━━━━━━━━━━━━╇━━━━━━━━━━━━━━╇━━━━━━━━━━━━━━━╇━━━━━━━━━━━━━━╇━━━━━━━━━━━━━━╇━━━━━━━━━━━━━━╇━━━━━━━━━━━━━━╇━━━━━━━━━━━━━━┩
│ 0.033 ±0.001 │ 0.231 ±0.002 │ 0.000 ±0.000  │ 0.004 ±0.000 │ 0.079 ±0.002 │ 0.177 ±0.001 │ 0.080 ±0.002 │ 9.663 ±0.012 │
└──────────────┴──────────────┴───────────────┴──────────────┴──────────────┴──────────────┴──────────────┴──────────────┘
┏━━━━━━━━┳━━━━━━━━━━━━━━┳━━━━━━━━━━━━━━┳━━━━━━━━━━━━━━┳━━━━━━━━━━━━━━┓
┃ metric ┃ diag.yo      ┃ exact.yo     ┃ cont.yo      ┃ main.py      ┃
┡━━━━━━━━╇━━━━━━━━━━━━━━╇━━━━━━━━━━━━━━╇━━━━━━━━━━━━━━╇━━━━━━━━━━━━━━┩
│ l1     │ 0.033 ±0.001 │ 0.000 ±0.000 │ 0.079 ±0.002 │ 0.080 ±0.002 │
│ sec    │ 0.231 ±0.002 │ 0.004 ±0.000 │ 0.177 ±0.001 │ 9.663 ±0.012 │
└────────┴──────────────┴──────────────┴──────────────┴──────────────┘
grids/6x6
logdir = /data/logs/grids/6x6/2025-01-02/04:38/
diag.yo(n:1000): 100%|████████████████████████████████████████████████████████████████████████████████| 100/100 [03:18<00:00,  1.99s/it]
WARNING! saw unexpected file main.psi
exact.yo(n:1): 100%|██████████████████████████████████████████████████████████████████████████████████| 100/100 [00:18<00:00,  5.42it/s]
cont.yo(n:1000): 100%|████████████████████████████████████████████████████████████████████████████████| 100/100 [00:48<00:00,  2.05it/s]
main.py(n:1000): 100%|██████████████████████████████████████████████████████████████████████████████| 100/100 [1:12:05<00:00, 43.25s/it]
logdir = /data/logs/grids/6x6/
# runs: 100
.: /data/logs/grids/6x6//2025-01-02//04:38/
┏━━━━━━━━━━━━━━┳━━━━━━━━━━━━━━┳━━━━━━━━━━━━━━━┳━━━━━━━━━━━━━━┳━━━━━━━━━━━━━━┳━━━━━━━━━━━━━━┳━━━━━━━━━━━━━━┳━━━━━━━━━━━━━━━┓
┃ diag.yo (l1) ┃ diag.yo (s)  ┃ exact.yo (l1) ┃ exact.yo (s) ┃ cont.yo (l1) ┃ cont.yo (s)  ┃ main.py (l1) ┃ main.py (s)   ┃
┡━━━━━━━━━━━━━━╇━━━━━━━━━━━━━━╇━━━━━━━━━━━━━━━╇━━━━━━━━━━━━━━╇━━━━━━━━━━━━━━╇━━━━━━━━━━━━━━╇━━━━━━━━━━━━━━╇━━━━━━━━━━━━━━━┩
│ 0.055 ±0.002 │ 1.961 ±0.002 │ 0.000 ±0.000  │ 0.152 ±0.001 │ 0.309 ±0.004 │ 0.452 ±0.002 │ 1.812 ±0.009 │ 39.720 ±0.056 │
└──────────────┴──────────────┴───────────────┴──────────────┴──────────────┴──────────────┴──────────────┴───────────────┘
┏━━━━━━━━┳━━━━━━━━━━━━━━┳━━━━━━━━━━━━━━┳━━━━━━━━━━━━━━┳━━━━━━━━━━━━━━━┓
┃ metric ┃ diag.yo      ┃ exact.yo     ┃ cont.yo      ┃ main.py       ┃
┡━━━━━━━━╇━━━━━━━━━━━━━━╇━━━━━━━━━━━━━━╇━━━━━━━━━━━━━━╇━━━━━━━━━━━━━━━┩
│ l1     │ 0.055 ±0.002 │ 0.000 ±0.000 │ 0.309 ±0.004 │ 1.812 ±0.009  │
│ sec    │ 1.961 ±0.002 │ 0.152 ±0.001 │ 0.452 ±0.002 │ 39.720 ±0.056 │
└────────┴──────────────┴──────────────┴──────────────┴───────────────┘
grids/9x9
logdir = /data/logs/grids/9x9/2025-01-02/05:55/
diag.yo(n:1000): 100%|█████████████████████████████████████████████████████████████████████████████| 100/100 [4:09:01<00:00, 149.42s/it]
WARNING! saw unexpected file main.psi
exact.yo(n:1): 100%|████████████████████████████████████████████████████████████████████████████████| 100/100 [1:29:39<00:00, 53.80s/it]
cont.yo(n:1000): 100%|████████████████████████████████████████████████████████████████████████████████| 100/100 [02:13<00:00,  1.34s/it]
main.py(n:1000): 100%|██████████████████████████████████████████████████████████████████████████████| 100/100 [2:37:45<00:00, 94.66s/it]
logdir = /data/logs/grids/9x9/
# runs: 100
.: /data/logs/grids/9x9//2025-01-02//05:55/
┏━━━━━━━━━━━━━━┳━━━━━━━━━━━━━━━━┳━━━━━━━━━━━━━━━┳━━━━━━━━━━━━━━━┳━━━━━━━━━━━━━━┳━━━━━━━━━━━━━━┳━━━━━━━━━━━━━━┳━━━━━━━━━━━━━━━┓
┃ diag.yo (l1) ┃ diag.yo (s)    ┃ exact.yo (l1) ┃ exact.yo (s)  ┃ cont.yo (l1) ┃ cont.yo (s)  ┃ main.py (l1) ┃ main.py (s)   ┃
┡━━━━━━━━━━━━━━╇━━━━━━━━━━━━━━━━╇━━━━━━━━━━━━━━━╇━━━━━━━━━━━━━━━╇━━━━━━━━━━━━━━╇━━━━━━━━━━━━━━╇━━━━━━━━━━━━━━╇━━━━━━━━━━━━━━━┩
│ 0.079 ±0.002 │ 149.387 ±0.127 │ 0.000 ±0.000  │ 53.762 ±0.106 │ 0.680 ±0.005 │ 1.298 ±0.002 │ 7.814 ±0.017 │ 89.966 ±0.127 │
└──────────────┴────────────────┴───────────────┴───────────────┴──────────────┴──────────────┴──────────────┴───────────────┘
┏━━━━━━━━┳━━━━━━━━━━━━━━━━┳━━━━━━━━━━━━━━━┳━━━━━━━━━━━━━━┳━━━━━━━━━━━━━━━┓
┃ metric ┃ diag.yo        ┃ exact.yo      ┃ cont.yo      ┃ main.py       ┃
┡━━━━━━━━╇━━━━━━━━━━━━━━━━╇━━━━━━━━━━━━━━━╇━━━━━━━━━━━━━━╇━━━━━━━━━━━━━━━┩
│ l1     │ 0.079 ±0.002   │ 0.000 ±0.000  │ 0.680 ±0.005 │ 7.814 ±0.017  │
│ sec    │ 149.387 ±0.127 │ 53.762 ±0.106 │ 1.298 ±0.002 │ 89.966 ±0.127 │
└────────┴────────────────┴───────────────┴──────────────┴───────────────┘
arrival/tree-15
logdir = /data/logs/arrival/tree-15/2025-01-02/14:14/
WARNING! saw unexpected file network15.dice.bk
main.yo(n:1000): 100%|████████████████████████████████████████████████████████████████████████████| 100/100 [01:04<00:00,  1.54it/s]
cont.yo(n:1000): 100%|████████████████████████████████████████████████████████████████████████████| 100/100 [00:46<00:00,  2.15it/s]
main.py(n:1000): 100%|██████████████████████████████████████████████████████████████████████████| 100/100 [1:00:17<00:00, 36.18s/it]
logdir = /data/logs/arrival/tree-15/
# runs: 100
.: /data/logs/arrival/tree-15//2025-01-02//14:14/
┏━━━━━━━━━━━━━━┳━━━━━━━━━━━━━━┳━━━━━━━━━━━━━━┳━━━━━━━━━━━━━━┳━━━━━━━━━━━━━━┳━━━━━━━━━━━━━━━┓
┃ main.yo (l1) ┃ main.yo (s)  ┃ cont.yo (l1) ┃ cont.yo (s)  ┃ main.py (l1) ┃ main.py (s)   ┃
┡━━━━━━━━━━━━━━╇━━━━━━━━━━━━━━╇━━━━━━━━━━━━━━╇━━━━━━━━━━━━━━╇━━━━━━━━━━━━━━╇━━━━━━━━━━━━━━━┩
│ 0.337 ±0.003 │ 0.612 ±0.002 │ 0.355 ±0.004 │ 0.434 ±0.002 │ 0.365 ±0.004 │ 32.620 ±0.059 │
└──────────────┴──────────────┴──────────────┴──────────────┴──────────────┴───────────────┘
┏━━━━━━━━┳━━━━━━━━━━━━━━┳━━━━━━━━━━━━━━┳━━━━━━━━━━━━━━━┓
┃ metric ┃ main.yo      ┃ cont.yo      ┃ main.py       ┃
┡━━━━━━━━╇━━━━━━━━━━━━━━╇━━━━━━━━━━━━━━╇━━━━━━━━━━━━━━━┩
│ l1     │ 0.337 ±0.003 │ 0.355 ±0.004 │ 0.365 ±0.004  │
│ sec    │ 0.612 ±0.002 │ 0.434 ±0.002 │ 32.620 ±0.059 │
└────────┴──────────────┴──────────────┴───────────────┘█

arrival/tree-15
logdir = /data/logs/arrival/tree-15/2025-01-02/14:14/
WARNING! saw unexpected file network15.dice.bk
main.yo(n:1000): 100%|████████████████████████████████████████████████████████████████████████████| 100/100 [01:04<00:00,  1.54it/s]
cont.yo(n:1000): 100%|████████████████████████████████████████████████████████████████████████████| 100/100 [00:46<00:00,  2.15it/s]
main.py(n:1000): 100%|██████████████████████████████████████████████████████████████████████████| 100/100 [1:00:17<00:00, 36.18s/it]
logdir = /data/logs/arrival/tree-15/
# runs: 100
.: /data/logs/arrival/tree-15//2025-01-02//14:14/
┏━━━━━━━━━━━━━━┳━━━━━━━━━━━━━━┳━━━━━━━━━━━━━━┳━━━━━━━━━━━━━━┳━━━━━━━━━━━━━━┳━━━━━━━━━━━━━━━┓
┃ main.yo (l1) ┃ main.yo (s)  ┃ cont.yo (l1) ┃ cont.yo (s)  ┃ main.py (l1) ┃ main.py (s)   ┃
┡━━━━━━━━━━━━━━╇━━━━━━━━━━━━━━╇━━━━━━━━━━━━━━╇━━━━━━━━━━━━━━╇━━━━━━━━━━━━━━╇━━━━━━━━━━━━━━━┩
│ 0.337 ±0.003 │ 0.612 ±0.002 │ 0.355 ±0.004 │ 0.434 ±0.002 │ 0.365 ±0.004 │ 32.620 ±0.059 │
└──────────────┴──────────────┴──────────────┴──────────────┴──────────────┴───────────────┘
┏━━━━━━━━┳━━━━━━━━━━━━━━┳━━━━━━━━━━━━━━┳━━━━━━━━━━━━━━━┓
┃ metric ┃ main.yo      ┃ cont.yo      ┃ main.py       ┃
┡━━━━━━━━╇━━━━━━━━━━━━━━╇━━━━━━━━━━━━━━╇━━━━━━━━━━━━━━━┩
│ l1     │ 0.337 ±0.003 │ 0.355 ±0.004 │ 0.365 ±0.004  │
│ sec    │ 0.612 ±0.002 │ 0.434 ±0.002 │ 32.620 ±0.059 │
└────────┴──────────────┴──────────────┴───────────────┘
arrival/tree-31
logdir = /data/logs/arrival/tree-31/2025-01-02/15:16/
WARNING! saw unexpected file network31.dice.bk
main.yo(n:1000): 100%|████████████████████████████████████████████████████████████████████████████| 100/100 [02:15<00:00,  1.35s/it]
cont.yo(n:1000): 100%|████████████████████████████████████████████████████████████████████████████| 100/100 [01:29<00:00,  1.12it/s]
main.py(n:1000): 100%|██████████████████████████████████████████████████████████████████████████| 100/100 [2:02:30<00:00, 73.50s/it]
logdir = /data/logs/arrival/tree-31/
# runs: 100
.: /data/logs/arrival/tree-31//2025-01-02//15:16/
┏━━━━━━━━━━━━━━┳━━━━━━━━━━━━━━┳━━━━━━━━━━━━━━┳━━━━━━━━━━━━━━┳━━━━━━━━━━━━━━┳━━━━━━━━━━━━━━━┓
┃ main.yo (l1) ┃ main.yo (s)  ┃ cont.yo (l1) ┃ cont.yo (s)  ┃ main.py (l1) ┃ main.py (s)   ┃
┡━━━━━━━━━━━━━━╇━━━━━━━━━━━━━━╇━━━━━━━━━━━━━━╇━━━━━━━━━━━━━━╇━━━━━━━━━━━━━━╇━━━━━━━━━━━━━━━┩
│ 0.179 ±0.002 │ 1.321 ±0.003 │ 0.218 ±0.002 │ 0.864 ±0.002 │ 0.216 ±0.002 │ 68.916 ±0.121 │
└──────────────┴──────────────┴──────────────┴──────────────┴──────────────┴───────────────┘
┏━━━━━━━━┳━━━━━━━━━━━━━━┳━━━━━━━━━━━━━━┳━━━━━━━━━━━━━━━┓
┃ metric ┃ main.yo      ┃ cont.yo      ┃ main.py       ┃
┡━━━━━━━━╇━━━━━━━━━━━━━━╇━━━━━━━━━━━━━━╇━━━━━━━━━━━━━━━┩
│ l1     │ 0.179 ±0.002 │ 0.218 ±0.002 │ 0.216 ±0.002  │
│ sec    │ 1.321 ±0.003 │ 0.864 ±0.002 │ 68.916 ±0.121 │
└────────┴──────────────┴──────────────┴───────────────┘
arrival/tree-63
logdir = /data/logs/arrival/tree-63/2025-01-02/17:22/
WARNING! saw unexpected file network63.dice.bk
main.yo(n:1000): 100%|████████████████████████████████████████████████████████████████████████████| 100/100 [05:53<00:00,  3.53s/it]
cont.yo(n:1000): 100%|████████████████████████████████████████████████████████████████████████████| 100/100 [03:36<00:00,  2.17s/it]
main.py(n:1000): 100%|█████████████████████████████████████████████████████████████████████████| 100/100 [4:07:17<00:00, 148.37s/it]
logdir = /data/logs/arrival/tree-63/
# runs: 100
.: /data/logs/arrival/tree-63//2025-01-02//17:22/
┏━━━━━━━━━━━━━━┳━━━━━━━━━━━━━━┳━━━━━━━━━━━━━━┳━━━━━━━━━━━━━━┳━━━━━━━━━━━━━━┳━━━━━━━━━━━━━━━━┓
┃ main.yo (l1) ┃ main.yo (s)  ┃ cont.yo (l1) ┃ cont.yo (s)  ┃ main.py (l1) ┃ main.py (s)    ┃
┡━━━━━━━━━━━━━━╇━━━━━━━━━━━━━━╇━━━━━━━━━━━━━━╇━━━━━━━━━━━━━━╇━━━━━━━━━━━━━━╇━━━━━━━━━━━━━━━━┩
│ 0.093 ±0.002 │ 3.501 ±0.006 │ 0.120 ±0.002 │ 2.133 ±0.003 │ 0.118 ±0.002 │ 141.738 ±0.249 │
└──────────────┴──────────────┴──────────────┴──────────────┴──────────────┴────────────────┘
┏━━━━━━━━┳━━━━━━━━━━━━━━┳━━━━━━━━━━━━━━┳━━━━━━━━━━━━━━━━┓
┃ metric ┃ main.yo      ┃ cont.yo      ┃ main.py        ┃
┡━━━━━━━━╇━━━━━━━━━━━━━━╇━━━━━━━━━━━━━━╇━━━━━━━━━━━━━━━━┩
│ l1     │ 0.093 ±0.002 │ 0.120 ±0.002 │ 0.118 ±0.002   │
│ sec    │ 3.501 ±0.006 │ 2.133 ±0.003 │ 141.738 ±0.249 │
└────────┴──────────────┴──────────────┴────────────────┘
gossip/g4
logdir = /data/logs/gossip/g4/2025-01-02/21:39/
WARNING! saw unexpected file main.psi
main.yo(n:1000): 100%|████████████████████████████████████████████████████████████████████████████| 100/100 [01:54<00:00,  1.15s/it]
cont.yo(n:1000): 100%|████████████████████████████████████████████████████████████████████████████| 100/100 [01:55<00:00,  1.15s/it]
main.py(n:1000): 100%|████████████████████████████████████████████████████████████████████████████| 100/100 [33:50<00:00, 20.31s/it]
logdir = /data/logs/gossip/g4/
# runs: 100
.: /data/logs/gossip/g4//2025-01-02//21:39/
┏━━━━━━━━━━━━━━┳━━━━━━━━━━━━━━┳━━━━━━━━━━━━━━┳━━━━━━━━━━━━━━┳━━━━━━━━━━━━━━┳━━━━━━━━━━━━━━━┓
┃ main.yo (l1) ┃ main.yo (s)  ┃ cont.yo (l1) ┃ cont.yo (s)  ┃ main.py (l1) ┃ main.py (s)   ┃
┡━━━━━━━━━━━━━━╇━━━━━━━━━━━━━━╇━━━━━━━━━━━━━━╇━━━━━━━━━━━━━━╇━━━━━━━━━━━━━━╇━━━━━━━━━━━━━━━┩
│ 0.118 ±0.002 │ 1.122 ±0.002 │ 0.119 ±0.001 │ 1.128 ±0.002 │ 0.119 ±0.002 │ 17.305 ±0.019 │
└──────────────┴──────────────┴──────────────┴──────────────┴──────────────┴───────────────┘
┏━━━━━━━━┳━━━━━━━━━━━━━━┳━━━━━━━━━━━━━━┳━━━━━━━━━━━━━━━┓
┃ metric ┃ main.yo      ┃ cont.yo      ┃ main.py       ┃
┡━━━━━━━━╇━━━━━━━━━━━━━━╇━━━━━━━━━━━━━━╇━━━━━━━━━━━━━━━┩
│ l1     │ 0.118 ±0.002 │ 0.119 ±0.001 │ 0.119 ±0.002  │
│ sec    │ 1.122 ±0.002 │ 1.128 ±0.002 │ 17.305 ±0.019 │
└────────┴──────────────┴──────────────┴───────────────┘
gossip/g10
logdir = /data/logs/gossip/g10/2025-01-02/22:17/
WARNING! saw unexpected file main.psi
main.yo(n:1000): 100%|████████████████████████████████████████████████████████████████████████████| 100/100 [03:42<00:00,  2.22s/it]
cont.yo(n:1000): 100%|████████████████████████████████████████████████████████████████████████████| 100/100 [03:48<00:00,  2.28s/it]
main.py(n:1000): 100%|████████████████████████████████████████████████████████████████████████████| 100/100 [35:08<00:00, 21.08s/it]
logdir = /data/logs/gossip/g10/
# runs: 100
.: /data/logs/gossip/g10//2025-01-02//22:17/
┏━━━━━━━━━━━━━━┳━━━━━━━━━━━━━━┳━━━━━━━━━━━━━━┳━━━━━━━━━━━━━━┳━━━━━━━━━━━━━━┳━━━━━━━━━━━━━━━┓
┃ main.yo (l1) ┃ main.yo (s)  ┃ cont.yo (l1) ┃ cont.yo (s)  ┃ main.py (l1) ┃ main.py (s)   ┃
┡━━━━━━━━━━━━━━╇━━━━━━━━━━━━━━╇━━━━━━━━━━━━━━╇━━━━━━━━━━━━━━╇━━━━━━━━━━━━━━╇━━━━━━━━━━━━━━━┩
│ 0.524 ±0.003 │ 2.193 ±0.003 │ 0.531 ±0.003 │ 2.256 ±0.002 │ 0.533 ±0.003 │ 18.071 ±0.022 │
└──────────────┴──────────────┴──────────────┴──────────────┴──────────────┴───────────────┘
┏━━━━━━━━┳━━━━━━━━━━━━━━┳━━━━━━━━━━━━━━┳━━━━━━━━━━━━━━━┓
┃ metric ┃ main.yo      ┃ cont.yo      ┃ main.py       ┃
┡━━━━━━━━╇━━━━━━━━━━━━━━╇━━━━━━━━━━━━━━╇━━━━━━━━━━━━━━━┩
│ l1     │ 0.524 ±0.003 │ 0.531 ±0.003 │ 0.533 ±0.003  │
│ sec    │ 2.193 ±0.003 │ 2.256 ±0.002 │ 18.071 ±0.022 │
└────────┴──────────────┴──────────────┴───────────────┘
gossip/g20
logdir = /data/logs/gossip/g20/2025-01-02/22:59/
WARNING! saw unexpected file main.psi
main.yo(n:1000): 100%|████████████████████████████████████████████████████████████████████████████| 100/100 [07:34<00:00,  4.54s/it]
cont.yo(n:1000): 100%|████████████████████████████████████████████████████████████████████████████| 100/100 [08:13<00:00,  4.93s/it]
main.py(n:1000): 100%|████████████████████████████████████████████████████████████████████████████| 100/100 [36:55<00:00, 22.15s/it]
^[[C^[[6~logdir = /data/logs/gossip/g20/
# runs: 100
.: /data/logs/gossip/g20//2025-01-02//22:59/
┏━━━━━━━━━━━━━━┳━━━━━━━━━━━━━━┳━━━━━━━━━━━━━━┳━━━━━━━━━━━━━━┳━━━━━━━━━━━━━━┳━━━━━━━━━━━━━━━┓
┃ main.yo (l1) ┃ main.yo (s)  ┃ cont.yo (l1) ┃ cont.yo (s)  ┃ main.py (l1) ┃ main.py (s)   ┃
┡━━━━━━━━━━━━━━╇━━━━━━━━━━━━━━╇━━━━━━━━━━━━━━╇━━━━━━━━━━━━━━╇━━━━━━━━━━━━━━╇━━━━━━━━━━━━━━━┩
│ 0.750 ±0.003 │ 4.516 ±0.004 │ 0.745 ±0.003 │ 4.906 ±0.005 │ 0.747 ±0.003 │ 19.143 ±0.025 │
└──────────────┴──────────────┴──────────────┴──────────────┴──────────────┴───────────────┘
┏━━━━━━━━┳━━━━━━━━━━━━━━┳━━━━━━━━━━━━━━┳━━━━━━━━━━━━━━━┓
┃ metric ┃ main.yo      ┃ cont.yo      ┃ main.py       ┃
┡━━━━━━━━╇━━━━━━━━━━━━━━╇━━━━━━━━━━━━━━╇━━━━━━━━━━━━━━━┩
│ l1     │ 0.750 ±0.003 │ 0.745 ±0.003 │ 0.747 ±0.003  │
│ sec    │ 4.516 ±0.004 │ 4.906 ±0.005 │ 19.143 ±0.025 │
└────────┴──────────────┴──────────────┴───────────────┘
bayesnets/insurance
logdir = /data/logs/bayesnets/insurance/2025-01-02/23:52/
WARNING! saw unexpected file exact.yo.bk
WARNING! saw unexpected file main.psi
main.yo(n:1000): 100%|████████████████████████████████████████████████████████████████████████████| 100/100 [35:15<00:00, 21.16s/it]
cont.yo(n:1000): 100%|████████████████████████████████████████████████████████████████████████████| 100/100 [02:54<00:00,  1.75s/it]
main.py(n:1000): 100%|██████████████████████████████████████████████████████████████████████████| 100/100 [1:07:54<00:00, 40.74s/it]
logdir = /data/logs/bayesnets/insurance/
# runs: 100
.: /data/logs/bayesnets/insurance//2025-01-02//23:52/
┏━━━━━━━━━━━━━━┳━━━━━━━━━━━━━━━┳━━━━━━━━━━━━━━┳━━━━━━━━━━━━━━┳━━━━━━━━━━━━━━┳━━━━━━━━━━━━━━━┓
┃ main.yo (l1) ┃ main.yo (s)   ┃ cont.yo (l1) ┃ cont.yo (s)  ┃ main.py (l1) ┃ main.py (s)   ┃
┡━━━━━━━━━━━━━━╇━━━━━━━━━━━━━━━╇━━━━━━━━━━━━━━╇━━━━━━━━━━━━━━╇━━━━━━━━━━━━━━╇━━━━━━━━━━━━━━━┩
│ 0.099 ±0.006 │ 21.131 ±0.014 │ 0.144 ±0.007 │ 1.720 ±0.002 │ 0.149 ±0.008 │ 37.345 ±0.055 │
└──────────────┴───────────────┴──────────────┴──────────────┴──────────────┴───────────────┘
┏━━━━━━━━┳━━━━━━━━━━━━━━━┳━━━━━━━━━━━━━━┳━━━━━━━━━━━━━━━┓
┃ metric ┃ main.yo       ┃ cont.yo      ┃ main.py       ┃
┡━━━━━━━━╇━━━━━━━━━━━━━━━╇━━━━━━━━━━━━━━╇━━━━━━━━━━━━━━━┩
│ l1     │ 0.099 ±0.006  │ 0.144 ±0.007 │ 0.149 ±0.008  │
│ sec    │ 21.131 ±0.014 │ 1.720 ±0.002 │ 37.345 ±0.055 │
└────────┴───────────────┴──────────────┴───────────────┘
bayesnets/alarm
logdir = /data/logs/bayesnets/alarm/2025-01-03/01:38/
WARNING! saw unexpected file main.psi
exact.yo(n:1): 100%|██████████████████████████████████████████████████████████████████████████████████| 100/100 [02:20<00:00,  1.41s/it]
main.yo(n:1000): 100%|████████████████████████████████████████████████████████████████████████████████| 100/100 [44:14<00:00, 26.55s/it]
WARNING! saw unexpected file alarm.svg
cont.yo(n:1000): 100%|████████████████████████████████████████████████████████████████████████████████| 100/100 [01:16<00:00,  1.30it/s]
main.py(n:1000): 100%|██████████████████████████████████████████████████████████████████████████████| 100/100 [1:19:15<00:00, 47.56s/it]
logdir = /data/logs/bayesnets/alarm/
# runs: 100
.: /data/logs/bayesnets/alarm//2025-01-03//01:38/
┏━━━━━━━━━━━━━━━┳━━━━━━━━━━━━━━┳━━━━━━━━━━━━━━┳━━━━━━━━━━━━━━━┳━━━━━━━━━━━━━━┳━━━━━━━━━━━━━━┳━━━━━━━━━━━━━━┳━━━━━━━━━━━━━━━┓
┃ exact.yo (l1) ┃ exact.yo (s) ┃ main.yo (l1) ┃ main.yo (s)   ┃ cont.yo (l1) ┃ cont.yo (s)  ┃ main.py (l1) ┃ main.py (s)   ┃
┡━━━━━━━━━━━━━━━╇━━━━━━━━━━━━━━╇━━━━━━━━━━━━━━╇━━━━━━━━━━━━━━━╇━━━━━━━━━━━━━━╇━━━━━━━━━━━━━━╇━━━━━━━━━━━━━━╇━━━━━━━━━━━━━━━┩
│ 0.376 ±0.000  │ 1.380 ±0.002 │ 0.364 ±0.015 │ 26.512 ±0.023 │ 1.173 ±0.049 │ 0.736 ±0.002 │ 1.290 ±0.056 │ 43.873 ±0.053 │
└───────────────┴──────────────┴──────────────┴───────────────┴──────────────┴──────────────┴──────────────┴───────────────┘
┏━━━━━━━━┳━━━━━━━━━━━━━━┳━━━━━━━━━━━━━━━┳━━━━━━━━━━━━━━┳━━━━━━━━━━━━━━━┓
┃ metric ┃ exact.yo     ┃ main.yo       ┃ cont.yo      ┃ main.py       ┃
┡━━━━━━━━╇━━━━━━━━━━━━━━╇━━━━━━━━━━━━━━━╇━━━━━━━━━━━━━━╇━━━━━━━━━━━━━━━┩
│ l1     │ 0.376 ±0.000 │ 0.364 ±0.015  │ 1.173 ±0.049 │ 1.290 ±0.056  │
│ sec    │ 1.380 ±0.002 │ 26.512 ±0.023 │ 0.736 ±0.002 │ 43.873 ±0.053 │
└────────┴──────────────┴───────────────┴──────────────┴───────────────┘
Saw --no-psi, not running PSI benchmark.
Evaluations complete. tabulating results now...
Hybrid Benchmark
┏━━━━━━━━━━━━━━━━┳━━━━━━━━━━┳━━━━━━━━━┳━━━━━━━━━━━━━━┳━━━━━━━━━━━━━━━━┳━━━━━━━━━━━━━━━━┳━━━━━━━━━━━━━━━┳━━━━━━━━━━━━━━━┳━━━━━━━━━━━━━━━┓
┃                ┃          ┃         ┃              ┃                ┃ MultiPPL       ┃ MultiPPL      ┃               ┃               ┃
┃ Model          ┃ PSI (l1) ┃ PSI (s) ┃ Pyro (l1)    ┃ Pyro (s)       ┃ (Cont, l1)     ┃ (Cont, s)     ┃ MultiPPL (l1) ┃ MultiPPL (s)  ┃
┡━━━━━━━━━━━━━━━━╇━━━━━━━━━━╇━━━━━━━━━╇━━━━━━━━━━━━━━╇━━━━━━━━━━━━━━━━╇━━━━━━━━━━━━━━━━╇━━━━━━━━━━━━━━━╇━━━━━━━━━━━━━━━╇━━━━━━━━━━━━━━━┩
│ arrival/tree-… │ ---      │ ---     │ 0.365 ±0.004 │ 32.620 ±0.059  │ 0.355 ±0.004   │ 0.434 ±0.002  │ 0.337 ±0.003  │ 0.612 ±0.002  │
│ arrival/tree-… │ ---      │ ---     │ 0.216 ±0.002 │ 68.916 ±0.121  │ 0.218 ±0.002   │ 0.864 ±0.002  │ 0.179 ±0.002  │ 1.321 ±0.003  │
│ arrival/tree-… │ ---      │ ---     │ 0.118 ±0.002 │ 141.738 ±0.249 │ 0.120 ±0.002   │ 2.133 ±0.003  │ 0.093 ±0.002  │ 3.501 ±0.006  │
├────────────────┼──────────┼─────────┼──────────────┼────────────────┼────────────────┼───────────────┼───────────────┼───────────────┤
│ alarm          │ ---      │ ---     │ 1.290 ±0.056 │ 43.873 ±0.053  │ 1.173 ±0.049   │ 0.736 ±0.002  │ 0.364 ±0.015  │ 26.512 ±0.023 │
│ insurance      │ ---      │ ---     │ 0.149 ±0.008 │ 37.345 ±0.055  │ 0.144 ±0.007   │ 1.720 ±0.002  │ 0.099 ±0.006  │ 21.131 ±0.014 │
├────────────────┼──────────┼─────────┼──────────────┼────────────────┼────────────────┼───────────────┼───────────────┼───────────────┤
│ gossip/4       │ ---      │ ---     │ 0.119 ±0.002 │ 17.305 ±0.019  │ 0.119 ±0.001   │ 1.128 ±0.002  │ 0.118 ±0.002  │ 1.122 ±0.002  │
│ gossip/10      │ ---      │ ---     │ 0.533 ±0.003 │ 18.071 ±0.022  │ 0.531 ±0.003   │ 2.256 ±0.002  │ 0.524 ±0.003  │ 2.193 ±0.003  │
│ gossip/20      │ ---      │ ---     │ 0.747 ±0.003 │ 19.143 ±0.025  │ 0.745 ±0.003   │ 4.906 ±0.005  │ 0.750 ±0.003  │ 4.516 ±0.004  │
└────────────────┴──────────┴─────────┴──────────────┴────────────────┴────────────────┴───────────────┴───────────────┴───────────────┘
Discrete Benchmark
┏━━━━━━━━━┳━━━━━━━━━┳━━━━━━━━━━━━━━━━┳━━━━━━━━━━━━━━┳━━━━━━━━━━━━━━━┳━━━━━━━━━━━━━━━━┳━━━━━━━━━━━━━━━━┳━━━━━━━━━━━━━━━┳━━━━━━━━━━━━━━━━┓
┃         ┃         ┃ MultiPPL       ┃              ┃               ┃ MultiPPL       ┃ MultiPPL       ┃               ┃                ┃
┃ # Nodes ┃ PSI (s) ┃ (Disc, s)      ┃ Pyro (l1)    ┃ Pyro (s)      ┃ (Cont, l1)     ┃ (Cont, s)      ┃ MultiPPL (l1) ┃ MultiPPL (s)   ┃
┡━━━━━━━━━╇━━━━━━━━━╇━━━━━━━━━━━━━━━━╇━━━━━━━━━━━━━━╇━━━━━━━━━━━━━━━╇━━━━━━━━━━━━━━━━╇━━━━━━━━━━━━━━━━╇━━━━━━━━━━━━━━━╇━━━━━━━━━━━━━━━━┩
│ 9       │ ---     │ 0.004 ±0.000   │ 0.087 ±0.008 │ 9.753 ±0.207  │ 0.079 ±0.002   │ 0.182 ±0.001   │ 0.033 ±0.001  │ 0.231 ±0.001   │
│ 36      │ ---     │ 0.152 ±0.001   │ 1.812 ±0.009 │ 39.720 ±0.056 │ 0.309 ±0.004   │ 0.452 ±0.002   │ 0.055 ±0.002  │ 1.961 ±0.002   │
│ 81      │ ---     │ 53.762 ±0.106  │ 7.814 ±0.017 │ 89.966 ±0.127 │ 0.680 ±0.005   │ 1.298 ±0.002   │ 0.079 ±0.002  │ 149.387 ±0.127 │
└─────────┴─────────┴────────────────┴──────────────┴───────────────┴────────────────┴────────────────┴───────────────┴────────────────┘
output saved to /data/logs/timeouts, /data/logs/hybrid.rich, /data/logs/discrete.rich
multippl-benchmark all --no-psi  81281.16s user 3262.91s system 100% cpu 23:29:03.12 total
