$ time ./bench/multippl-benchmark.sh all --no-psi
grids/3x3
logdir = /home/stites/git/rust/multippl/logs/grids/3x3/2025-01-02/09:51/
main.py(n:1000): 100%|█████████████████████████████████████████████████████████████████████████████████████████████████████████████| 100/100 [07:02<00:00,  4.23s/it]
cont.yo(n:1000): 100%|█████████████████████████████████████████████████████████████████████████████████████████████████████████████| 100/100 [00:06<00:00, 15.29it/s]
diag.yo(n:1000): 100%|█████████████████████████████████████████████████████████████████████████████████████████████████████████████| 100/100 [00:11<00:00,  8.65it/s]
exact.yo(n:1): 100%|██████████████████████████████████████████████████████████████████████████████████████████████████████████████| 100/100 [00:00<00:00, 194.25it/s]
WARNING! saw unexpected file main.psi
logdir = /home/stites/git/rust/multippl/logs/grids/3x3/
# runs: 100
.: /home/stites/git/rust/multippl/logs/grids/3x3//2025-01-02//09:51/
┏━━━━━━━━━━━━━━┳━━━━━━━━━━━━━━┳━━━━━━━━━━━━━━┳━━━━━━━━━━━━━━┳━━━━━━━━━━━━━━┳━━━━━━━━━━━━━━┳━━━━━━━━━━━━━━━┳━━━━━━━━━━━━━━┓
┃ main.py (l1) ┃ main.py (s)  ┃ cont.yo (l1) ┃ cont.yo (s)  ┃ diag.yo (l1) ┃ diag.yo (s)  ┃ exact.yo (l1) ┃ exact.yo (s) ┃
┡━━━━━━━━━━━━━━╇━━━━━━━━━━━━━━╇━━━━━━━━━━━━━━╇━━━━━━━━━━━━━━╇━━━━━━━━━━━━━━╇━━━━━━━━━━━━━━╇━━━━━━━━━━━━━━━╇━━━━━━━━━━━━━━┩
│ 0.080 ±0.002 │ 2.765 ±0.004 │ 0.079 ±0.002 │ 0.048 ±0.000 │ 0.033 ±0.001 │ 0.067 ±0.000 │ 0.000 ±0.000  │ 0.001 ±0.000 │
└──────────────┴──────────────┴──────────────┴──────────────┴──────────────┴──────────────┴───────────────┴──────────────┘
┏━━━━━━━━┳━━━━━━━━━━━━━━┳━━━━━━━━━━━━━━┳━━━━━━━━━━━━━━┳━━━━━━━━━━━━━━┓
┃ metric ┃ main.py      ┃ cont.yo      ┃ diag.yo      ┃ exact.yo     ┃
┡━━━━━━━━╇━━━━━━━━━━━━━━╇━━━━━━━━━━━━━━╇━━━━━━━━━━━━━━╇━━━━━━━━━━━━━━┩
│ l1     │ 0.080 ±0.002 │ 0.079 ±0.002 │ 0.033 ±0.001 │ 0.000 ±0.000 │
│ sec    │ 2.765 ±0.004 │ 0.048 ±0.000 │ 0.067 ±0.000 │ 0.001 ±0.000 │
└────────┴──────────────┴──────────────┴──────────────┴──────────────┘
grids/6x6
logdir = /home/stites/git/rust/multippl/logs/grids/6x6/2025-01-02/09:58/
WARNING! saw unexpected file main.psi
cont.yo(n:1000): 100%|█████████████████████████████████████████████████████████████████████████████████████████████████████████████| 100/100 [00:16<00:00,  5.93it/s]
diag.yo(n:1000): 100%|█████████████████████████████████████████████████████████████████████████████████████████████████████████████| 100/100 [01:21<00:00,  1.22it/s]
exact.yo(n:1): 100%|███████████████████████████████████████████████████████████████████████████████████████████████████████████████| 100/100 [00:11<00:00,  8.62it/s]
main.py(n:1000): 100%|█████████████████████████████████████████████████████████████████████████████████████████████████████████████| 100/100 [22:04<00:00, 13.24s/it]
logdir = /home/stites/git/rust/multippl/logs/grids/6x6/
# runs: 100
.: /home/stites/git/rust/multippl/logs/grids/6x6//2025-01-02//09:58/
┏━━━━━━━━━━━━━━┳━━━━━━━━━━━━━━┳━━━━━━━━━━━━━━┳━━━━━━━━━━━━━━┳━━━━━━━━━━━━━━━┳━━━━━━━━━━━━━━┳━━━━━━━━━━━━━━┳━━━━━━━━━━━━━━━┓
┃ cont.yo (l1) ┃ cont.yo (s)  ┃ diag.yo (l1) ┃ diag.yo (s)  ┃ exact.yo (l1) ┃ exact.yo (s) ┃ main.py (l1) ┃ main.py (s)   ┃
┡━━━━━━━━━━━━━━╇━━━━━━━━━━━━━━╇━━━━━━━━━━━━━━╇━━━━━━━━━━━━━━╇━━━━━━━━━━━━━━━╇━━━━━━━━━━━━━━╇━━━━━━━━━━━━━━╇━━━━━━━━━━━━━━━┩
│ 0.309 ±0.004 │ 0.157 ±0.000 │ 0.055 ±0.002 │ 0.789 ±0.001 │ 0.000 ±0.000  │ 0.094 ±0.001 │ 1.812 ±0.009 │ 11.262 ±0.019 │
└──────────────┴──────────────┴──────────────┴──────────────┴───────────────┴──────────────┴──────────────┴───────────────┘
┏━━━━━━━━┳━━━━━━━━━━━━━━┳━━━━━━━━━━━━━━┳━━━━━━━━━━━━━━┳━━━━━━━━━━━━━━━┓
┃ metric ┃ cont.yo      ┃ diag.yo      ┃ exact.yo     ┃ main.py       ┃
┡━━━━━━━━╇━━━━━━━━━━━━━━╇━━━━━━━━━━━━━━╇━━━━━━━━━━━━━━╇━━━━━━━━━━━━━━━┩
│ l1     │ 0.309 ±0.004 │ 0.055 ±0.002 │ 0.000 ±0.000 │ 1.812 ±0.009  │
│ sec    │ 0.157 ±0.000 │ 0.789 ±0.001 │ 0.094 ±0.001 │ 11.262 ±0.019 │
└────────┴──────────────┴──────────────┴──────────────┴───────────────┘
no valid runs for .: /home/stites/git/rust/multippl/logs/grids/6x6//2024-12-29//14:22/
grids/9x9
logdir = /home/stites/git/rust/multippl/logs/grids/9x9/2025-01-02/10:22/
cont.yo(n:1000): 100%|█████████████████████████████████████████████████████████████████████████████████████████████████████████████| 100/100 [00:53<00:00,  1.87it/s]
diag.yo(n:1000): 100%|████████████████████████████████████████████████████████████████████████████████████████████████████████████ 100/100 [2:33:55<00:00, 92.36s/it]
exact.yo(n:1):   100%|█████████████████████████████████████████████████████████████████████████████████████████████████████████████| 100/100 [1:23:06<00:00, 49.87s/it]
main.py(n:1000): 100%|█████████████████████████████████████████████████████████████████████████████████████████████████████████████| 100/100 [46:50<00:00, 28.10s/it]
WARNING! saw unexpected file main.psi
logdir = /home/stites/git/rust/multippl/logs/grids/9x9/
incomplete run: /home/stites/git/rust/multippl/logs/grids/9x9//2025-01-01//16:28//diag-yo_n1000_s36_2025-01-01_17:58.log is empty!
# runs: 100
.: /home/stites/git/rust/multippl/logs/grids/9x9//2025-01-02//10:22/
┏━━━━━━━━━━━━━━┳━━━━━━━━━━━━━━┳━━━━━━━━━━━━━━┳━━━━━━━━━━━━━━━┳━━━━━━━━━━━━━━━┳━━━━━━━━━━━━━━━┳━━━━━━━━━━━━━━┳━━━━━━━━━━━━━━━┓
┃ cont.yo (l1) ┃ cont.yo (s)  ┃ diag.yo (l1) ┃ diag.yo (s)   ┃ exact.yo (l1) ┃ exact.yo (s)  ┃ main.py (l1) ┃ main.py (s)   ┃
┡━━━━━━━━━━━━━━╇━━━━━━━━━━━━━━╇━━━━━━━━━━━━━━╇━━━━━━━━━━━━━━━╇━━━━━━━━━━━━━━━╇━━━━━━━━━━━━━━━╇━━━━━━━━━━━━━━╇━━━━━━━━━━━━━━━┩
│ 0.680 ±0.005 │ 0.507 ±0.001 │ 0.079 ±0.002 │ 92.332 ±0.089 │ 0.000 ±0.000  │ 49.831 ±0.068 │ 7.814 ±0.017 │ 25.207 ±0.030 │
└──────────────┴──────────────┴──────────────┴───────────────┴───────────────┴───────────────┴──────────────┴───────────────┘
┏━━━━━━━━┳━━━━━━━━━━━━━━┳━━━━━━━━━━━━━━━┳━━━━━━━━━━━━━━━┳━━━━━━━━━━━━━━━┓
┃ metric ┃ cont.yo      ┃ diag.yo       ┃ exact.yo      ┃ main.py       ┃
┡━━━━━━━━╇━━━━━━━━━━━━━━╇━━━━━━━━━━━━━━━╇━━━━━━━━━━━━━━━╇━━━━━━━━━━━━━━━┩
│ l1     │ 0.680 ±0.005 │ 0.079 ±0.002  │ 0.000 ±0.000  │ 7.814 ±0.017  │
│ sec    │ 0.507 ±0.001 │ 92.332 ±0.089 │ 49.831 ±0.068 │ 25.207 ±0.030 │
└────────┴──────────────┴───────────────┴───────────────┴───────────────┘
arrival/tree-15
logdir = /home/stites/git/rust/multippl/logs/arrival/tree-15/2025-01-02/15:07/
WARNING! saw unexpected file network15.dice.bk
main.py(n:1000): 100%|█████████████████████████████████████████████████████████████████████████████████████████████████████████████| 100/100 [18:59<00:00, 11.39s/it]
main.yo(n:1000): 100%|█████████████████████████████████████████████████████████████████████████████████████████████████████████████| 100/100 [00:26<00:00,  3.76it/s]
cont.yo(n:1000): 100%|█████████████████████████████████████████████████████████████████████████████████████████████████████████████| 100/100 [00:16<00:00,  6.03it/s]
logdir = /home/stites/git/rust/multippl/logs/arrival/tree-15/
# runs: 100
.: /home/stites/git/rust/multippl/logs/arrival/tree-15//2025-01-02//15:07/
┏━━━━━━━━━━━━━━┳━━━━━━━━━━━━━━┳━━━━━━━━━━━━━━┳━━━━━━━━━━━━━━┳━━━━━━━━━━━━━━┳━━━━━━━━━━━━━━┓
┃ main.py (l1) ┃ main.py (s)  ┃ main.yo (l1) ┃ main.yo (s)  ┃ cont.yo (l1) ┃ cont.yo (s)  ┃
┡━━━━━━━━━━━━━━╇━━━━━━━━━━━━━━╇━━━━━━━━━━━━━━╇━━━━━━━━━━━━━━╇━━━━━━━━━━━━━━╇━━━━━━━━━━━━━━┩
│ 0.365 ±0.004 │ 9.401 ±0.015 │ 0.337 ±0.003 │ 0.235 ±0.001 │ 0.355 ±0.004 │ 0.149 ±0.000 │
└──────────────┴──────────────┴──────────────┴──────────────┴──────────────┴──────────────┘
┏━━━━━━━━┳━━━━━━━━━━━━━━┳━━━━━━━━━━━━━━┳━━━━━━━━━━━━━━┓
┃ metric ┃ main.py      ┃ main.yo      ┃ cont.yo      ┃
┡━━━━━━━━╇━━━━━━━━━━━━━━╇━━━━━━━━━━━━━━╇━━━━━━━━━━━━━━┩
│ l1     │ 0.365 ±0.004 │ 0.337 ±0.003 │ 0.355 ±0.004 │
│ sec    │ 9.401 ±0.015 │ 0.235 ±0.001 │ 0.149 ±0.000 │
└────────┴──────────────┴──────────────┴──────────────┘
no valid runs for .: /home/stites/git/rust/multippl/logs/arrival/tree-15//2024-12-29//14:23/
arrival/tree-31
logdir = /home/stites/git/rust/multippl/logs/arrival/tree-31/2025-01-02/15:27/
main.py(n:1000): 100%|█████████████████████████████████████████████████████████████████████████████████████████████████████████████| 100/100 [37:53<00:00, 22.73s/it]
WARNING! saw unexpected file network31.dice.bk
cont.yo(n:1000): 100%|█████████████████████████████████████████████████████████████████████████████████████████████████████████████| 100/100 [00:36<00:00,  2.74it/s]
main.yo(n:1000): 100%|█████████████████████████████████████████████████████████████████████████████████████████████████████████████| 100/100 [00:56<00:00,  1.77it/s]
logdir = /home/stites/git/rust/multippl/logs/arrival/tree-31/
no valid runs for .: /home/stites/git/rust/multippl/logs/arrival/tree-31//2024-12-29//14:23/
# runs: 100
.: /home/stites/git/rust/multippl/logs/arrival/tree-31//2025-01-02//15:27/
┏━━━━━━━━━━━━━━┳━━━━━━━━━━━━━━━┳━━━━━━━━━━━━━━┳━━━━━━━━━━━━━━┳━━━━━━━━━━━━━━┳━━━━━━━━━━━━━━┓
┃ main.py (l1) ┃ main.py (s)   ┃ cont.yo (l1) ┃ cont.yo (s)  ┃ main.yo (l1) ┃ main.yo (s)  ┃
┡━━━━━━━━━━━━━━╇━━━━━━━━━━━━━━━╇━━━━━━━━━━━━━━╇━━━━━━━━━━━━━━╇━━━━━━━━━━━━━━╇━━━━━━━━━━━━━━┩
│ 0.216 ±0.002 │ 19.970 ±0.038 │ 0.218 ±0.002 │ 0.324 ±0.001 │ 0.179 ±0.002 │ 0.532 ±0.001 │
└──────────────┴───────────────┴──────────────┴──────────────┴──────────────┴──────────────┘
┏━━━━━━━━┳━━━━━━━━━━━━━━━┳━━━━━━━━━━━━━━┳━━━━━━━━━━━━━━┓
┃ metric ┃ main.py       ┃ cont.yo      ┃ main.yo      ┃
┡━━━━━━━━╇━━━━━━━━━━━━━━━╇━━━━━━━━━━━━━━╇━━━━━━━━━━━━━━┩
│ l1     │ 0.216 ±0.002  │ 0.218 ±0.002 │ 0.179 ±0.002 │
│ sec    │ 19.970 ±0.038 │ 0.324 ±0.001 │ 0.532 ±0.001 │
└────────┴───────────────┴──────────────┴──────────────┘
arrival/tree-63
logdir = /home/stites/git/rust/multippl/logs/arrival/tree-63/2025-01-02/16:06/
cont.yo(n:1000): 100%|█████████████████████████████████████████████████████████████████████████████████████████████████████████████| 100/100 [01:30<00:00,  1.11it/s]
main.yo(n:1000): 100%|█████████████████████████████████████████████████████████████████████████████████████████████████████████████| 100/100 [02:21<00:00,  1.42s/it]
main.py(n:1000): 100%|████████████████████████████████████████████████████████████████████████████████████████████████████████████ 100/100 [1:16:13<00:00, 45.74s/it]
WARNING! saw unexpected file network63.dice.bk
logdir = /home/stites/git/rust/multippl/logs/arrival/tree-63/
no valid runs for .: /home/stites/git/rust/multippl/logs/arrival/tree-63//2024-12-29//14:23/
# runs: 100
.: /home/stites/git/rust/multippl/logs/arrival/tree-63//2025-01-02//16:06/
┏━━━━━━━━━━━━━━┳━━━━━━━━━━━━━━┳━━━━━━━━━━━━━━┳━━━━━━━━━━━━━━┳━━━━━━━━━━━━━━┳━━━━━━━━━━━━━━━┓
┃ cont.yo (l1) ┃ cont.yo (s)  ┃ main.yo (l1) ┃ main.yo (s)  ┃ main.py (l1) ┃ main.py (s)   ┃
┡━━━━━━━━━━━━━━╇━━━━━━━━━━━━━━╇━━━━━━━━━━━━━━╇━━━━━━━━━━━━━━╇━━━━━━━━━━━━━━╇━━━━━━━━━━━━━━━┩
│ 0.120 ±0.002 │ 0.871 ±0.002 │ 0.093 ±0.002 │ 1.386 ±0.002 │ 0.118 ±0.002 │ 41.450 ±0.065 │
└──────────────┴──────────────┴──────────────┴──────────────┴──────────────┴───────────────┘
┏━━━━━━━━┳━━━━━━━━━━━━━━┳━━━━━━━━━━━━━━┳━━━━━━━━━━━━━━━┓
┃ metric ┃ cont.yo      ┃ main.yo      ┃ main.py       ┃
┡━━━━━━━━╇━━━━━━━━━━━━━━╇━━━━━━━━━━━━━━╇━━━━━━━━━━━━━━━┩
│ l1     │ 0.120 ±0.002 │ 0.093 ±0.002 │ 0.118 ±0.002  │
│ sec    │ 0.871 ±0.002 │ 1.386 ±0.002 │ 41.450 ±0.065 │
└────────┴──────────────┴──────────────┴───────────────┘
gossip/g4
logdir = /home/stites/git/rust/multippl/logs/gossip/g4/2025-01-02/17:26/
main.yo(n:1000): 100%|█████████████████████████████████████████████████████████████████████████████████████████████████████████████| 100/100 [00:51<00:00,  1.96it/s]
cont.yo(n:1000): 100%|█████████████████████████████████████████████████████████████████████████████████████████████████████████████| 100/100 [00:51<00:00,  1.94it/s]
WARNING! saw unexpected file main.psi
main.py(n:1000): 100%|█████████████████████████████████████████████████████████████████████████████████████████████████████████████| 100/100 [11:10<00:00,  6.71s/it]
logdir = /home/stites/git/rust/multippl/logs/gossip/g4/
# runs: 100
.: /home/stites/git/rust/multippl/logs/gossip/g4//2025-01-02//17:26/
┏━━━━━━━━━━━━━━┳━━━━━━━━━━━━━━┳━━━━━━━━━━━━━━┳━━━━━━━━━━━━━━┳━━━━━━━━━━━━━━┳━━━━━━━━━━━━━━┓
┃ main.yo (l1) ┃ main.yo (s)  ┃ cont.yo (l1) ┃ cont.yo (s)  ┃ main.py (l1) ┃ main.py (s)  ┃
┡━━━━━━━━━━━━━━╇━━━━━━━━━━━━━━╇━━━━━━━━━━━━━━╇━━━━━━━━━━━━━━╇━━━━━━━━━━━━━━╇━━━━━━━━━━━━━━┩
│ 0.118 ±0.002 │ 0.468 ±0.001 │ 0.119 ±0.001 │ 0.471 ±0.000 │ 0.119 ±0.002 │ 5.104 ±0.007 │
└──────────────┴──────────────┴──────────────┴──────────────┴──────────────┴──────────────┘
┏━━━━━━━━┳━━━━━━━━━━━━━━┳━━━━━━━━━━━━━━┳━━━━━━━━━━━━━━┓
┃ metric ┃ main.yo      ┃ cont.yo      ┃ main.py      ┃
┡━━━━━━━━╇━━━━━━━━━━━━━━╇━━━━━━━━━━━━━━╇━━━━━━━━━━━━━━┩
│ l1     │ 0.118 ±0.002 │ 0.119 ±0.001 │ 0.119 ±0.002 │
│ sec    │ 0.468 ±0.001 │ 0.471 ±0.000 │ 5.104 ±0.007 │
└────────┴──────────────┴──────────────┴──────────────┘
no valid runs for .: /home/stites/git/rust/multippl/logs/gossip/g4//2024-12-29//14:23/
gossip/g10
logdir = /home/stites/git/rust/multippl/logs/gossip/g10/2025-01-02/17:39/
main.yo(n:1000): 100%|█████████████████████████████████████████████████████████████████████████████████████████████████████████████| 100/100 [01:38<00:00,  1.02it/s]
WARNING! saw unexpected file main.psi
cont.yo(n:1000): 100%|█████████████████████████████████████████████████████████████████████████████████████████████████████████████| 100/100 [01:41<00:00,  1.02s/it]
main.py(n:1000): 100%|█████████████████████████████████████████████████████████████████████████████████████████████████████████████| 100/100 [11:25<00:00,  6.86s/it]
logdir = /home/stites/git/rust/multippl/logs/gossip/g10/
# runs: 100
.: /home/stites/git/rust/multippl/logs/gossip/g10//2025-01-02//17:39/
┏━━━━━━━━━━━━━━┳━━━━━━━━━━━━━━┳━━━━━━━━━━━━━━┳━━━━━━━━━━━━━━┳━━━━━━━━━━━━━━┳━━━━━━━━━━━━━━┓
┃ main.yo (l1) ┃ main.yo (s)  ┃ cont.yo (l1) ┃ cont.yo (s)  ┃ main.py (l1) ┃ main.py (s)  ┃
┡━━━━━━━━━━━━━━╇━━━━━━━━━━━━━━╇━━━━━━━━━━━━━━╇━━━━━━━━━━━━━━╇━━━━━━━━━━━━━━╇━━━━━━━━━━━━━━┩
│ 0.524 ±0.003 │ 0.961 ±0.001 │ 0.531 ±0.003 │ 0.991 ±0.001 │ 0.533 ±0.003 │ 5.266 ±0.007 │
└──────────────┴──────────────┴──────────────┴──────────────┴──────────────┴──────────────┘
┏━━━━━━━━┳━━━━━━━━━━━━━━┳━━━━━━━━━━━━━━┳━━━━━━━━━━━━━━┓
┃ metric ┃ main.yo      ┃ cont.yo      ┃ main.py      ┃
┡━━━━━━━━╇━━━━━━━━━━━━━━╇━━━━━━━━━━━━━━╇━━━━━━━━━━━━━━┩
│ l1     │ 0.524 ±0.003 │ 0.531 ±0.003 │ 0.533 ±0.003 │
│ sec    │ 0.961 ±0.001 │ 0.991 ±0.001 │ 5.266 ±0.007 │
└────────┴──────────────┴──────────────┴──────────────┘
gossip/g20
logdir = /home/stites/git/rust/multippl/logs/gossip/g20/2025-01-02/17:54/
main.yo(n:1000): 100%|█████████████████████████████████████████████████████████████████████████████████████████████████████████████| 100/100 [03:27<00:00,  2.07s/it]
cont.yo(n:1000): 100%|█████████████████████████████████████████████████████████████████████████████████████████████████████████████| 100/100 [03:48<00:00,  2.29s/it]
WARNING! saw unexpected file main.psi
main.py(n:1000): 100%|█████████████████████████████████████████████████████████████████████████████████████████████████████████████| 100/100 [11:42<00:00,  7.03s/it]
logdir = /home/stites/git/rust/multippl/logs/gossip/g20/
# runs: 100
.: /home/stites/git/rust/multippl/logs/gossip/g20//2025-01-02//17:54/
┏━━━━━━━━━━━━━━┳━━━━━━━━━━━━━━┳━━━━━━━━━━━━━━┳━━━━━━━━━━━━━━┳━━━━━━━━━━━━━━┳━━━━━━━━━━━━━━┓
┃ main.yo (l1) ┃ main.yo (s)  ┃ cont.yo (l1) ┃ cont.yo (s)  ┃ main.py (l1) ┃ main.py (s)  ┃
┡━━━━━━━━━━━━━━╇━━━━━━━━━━━━━━╇━━━━━━━━━━━━━━╇━━━━━━━━━━━━━━╇━━━━━━━━━━━━━━╇━━━━━━━━━━━━━━┩
│ 0.750 ±0.003 │ 2.048 ±0.002 │ 0.745 ±0.003 │ 2.253 ±0.007 │ 0.747 ±0.003 │ 5.441 ±0.006 │
└──────────────┴──────────────┴──────────────┴──────────────┴──────────────┴──────────────┘
┏━━━━━━━━┳━━━━━━━━━━━━━━┳━━━━━━━━━━━━━━┳━━━━━━━━━━━━━━┓
┃ metric ┃ main.yo      ┃ cont.yo      ┃ main.py      ┃
┡━━━━━━━━╇━━━━━━━━━━━━━━╇━━━━━━━━━━━━━━╇━━━━━━━━━━━━━━┩
│ l1     │ 0.750 ±0.003 │ 0.745 ±0.003 │ 0.747 ±0.003 │
│ sec    │ 2.048 ±0.002 │ 2.253 ±0.007 │ 5.441 ±0.006 │
└────────┴──────────────┴──────────────┴──────────────┘
bayesnets/insurance
logdir = /home/stites/git/rust/multippl/logs/bayesnets/insurance/2025-01-02/18:13/
WARNING! saw unexpected file main.psi
main.py(n:1000): 100%|█████████████████████████████████████████████████████████████████████████████████████████████████████████████| 100/100 [20:42<00:00, 12.42s/it]
WARNING! saw unexpected file exact.yo.bk
main.yo(n:1000): 100%|█████████████████████████████████████████████████████████████████████████████████████████████████████████████| 100/100 [13:52<00:00,  8.33s/it]
cont.yo(n:1000): 100%|█████████████████████████████████████████████████████████████████████████████████████████████████████████████| 100/100 [01:11<00:00,  1.39it/s]
logdir = /home/stites/git/rust/multippl/logs/bayesnets/insurance/
# runs: 100
.: /home/stites/git/rust/multippl/logs/bayesnets/insurance//2025-01-02//18:13/
┏━━━━━━━━━━━━━━┳━━━━━━━━━━━━━━━┳━━━━━━━━━━━━━━┳━━━━━━━━━━━━━━┳━━━━━━━━━━━━━━┳━━━━━━━━━━━━━━┓
┃ main.py (l1) ┃ main.py (s)   ┃ main.yo (l1) ┃ main.yo (s)  ┃ cont.yo (l1) ┃ cont.yo (s)  ┃
┡━━━━━━━━━━━━━━╇━━━━━━━━━━━━━━━╇━━━━━━━━━━━━━━╇━━━━━━━━━━━━━━╇━━━━━━━━━━━━━━╇━━━━━━━━━━━━━━┩
│ 0.149 ±0.008 │ 10.523 ±0.012 │ 0.099 ±0.006 │ 8.298 ±0.008 │ 0.144 ±0.007 │ 0.677 ±0.001 │
└──────────────┴───────────────┴──────────────┴──────────────┴──────────────┴──────────────┘
┏━━━━━━━━┳━━━━━━━━━━━━━━━┳━━━━━━━━━━━━━━┳━━━━━━━━━━━━━━┓
┃ metric ┃ main.py       ┃ main.yo      ┃ cont.yo      ┃
┡━━━━━━━━╇━━━━━━━━━━━━━━━╇━━━━━━━━━━━━━━╇━━━━━━━━━━━━━━┩
│ l1     │ 0.149 ±0.008  │ 0.099 ±0.006 │ 0.144 ±0.007 │
│ sec    │ 10.523 ±0.012 │ 8.298 ±0.008 │ 0.677 ±0.001 │
└────────┴───────────────┴──────────────┴──────────────┘
bayesnets/alarm
logdir = /home/stites/git/rust/multippl/logs/bayesnets/alarm/2025-01-02/18:49/
exact.yo(n:1): 100%|███████████████████████████████████████████████████████████████████████████████████████████████████████████████| 100/100 [01:39<00:00,  1.00it/s]
WARNING! saw unexpected file alarm.svg
WARNING! saw unexpected file main.psi
main.yo(n:1000): 100%|█████████████████████████████████████████████████████████████████████████████████████████████████████████████| 100/100 [17:19<00:00, 10.40s/it]
cont.yo(n:1000): 100%|█████████████████████████████████████████████████████████████████████████████████████████████████████████████| 100/100 [00:31<00:00,  3.16it/s]
main.py(n:1000): 100%|█████████████████████████████████████████████████████████████████████████████████████████████████████████████| 100/100 [25:08<00:00, 15.08s/it]
logdir = /home/stites/git/rust/multippl/logs/bayesnets/alarm/
# runs: 100
.: /home/stites/git/rust/multippl/logs/bayesnets/alarm//2025-01-02//18:49/
┏━━━━━━━━━━━━━━━┳━━━━━━━━━━━━━━┳━━━━━━━━━━━━━━┳━━━━━━━━━━━━━━━┳━━━━━━━━━━━━━━┳━━━━━━━━━━━━━━┳━━━━━━━━━━━━━━┳━━━━━━━━━━━━━━━┓
┃ exact.yo (l1) ┃ exact.yo (s) ┃ main.yo (l1) ┃ main.yo (s)   ┃ cont.yo (l1) ┃ cont.yo (s)  ┃ main.py (l1) ┃ main.py (s)   ┃
┡━━━━━━━━━━━━━━━╇━━━━━━━━━━━━━━╇━━━━━━━━━━━━━━╇━━━━━━━━━━━━━━━╇━━━━━━━━━━━━━━╇━━━━━━━━━━━━━━╇━━━━━━━━━━━━━━╇━━━━━━━━━━━━━━━┩
│ 0.376 ±0.000  │ 0.963 ±0.001 │ 0.364 ±0.015 │ 10.366 ±0.014 │ 1.173 ±0.049 │ 0.276 ±0.000 │ 1.290 ±0.056 │ 12.928 ±0.024 │
└───────────────┴──────────────┴──────────────┴───────────────┴──────────────┴──────────────┴──────────────┴───────────────┘
┏━━━━━━━━┳━━━━━━━━━━━━━━┳━━━━━━━━━━━━━━━┳━━━━━━━━━━━━━━┳━━━━━━━━━━━━━━━┓
┃ metric ┃ exact.yo     ┃ main.yo       ┃ cont.yo      ┃ main.py       ┃
┡━━━━━━━━╇━━━━━━━━━━━━━━╇━━━━━━━━━━━━━━━╇━━━━━━━━━━━━━━╇━━━━━━━━━━━━━━━┩
│ l1     │ 0.376 ±0.000 │ 0.364 ±0.015  │ 1.173 ±0.049 │ 1.290 ±0.056  │
│ sec    │ 0.963 ±0.001 │ 10.366 ±0.014 │ 0.276 ±0.000 │ 12.928 ±0.024 │
└────────┴──────────────┴───────────────┴──────────────┴───────────────┘
Saw --no-psi, not running PSI benchmark.
Evaluations complete. tabulating results now...
Hybrid Benchmark
┏━━━━━━━━━━━━━━━━━┳━━━━━━━━━━┳━━━━━━━━━┳━━━━━━━━━━━━━━┳━━━━━━━━━━━━━━━┳━━━━━━━━━━━━━━━━━━━━━┳━━━━━━━━━━━━━━━━━━━━┳━━━━━━━━━━━━━━━┳━━━━━━━━━━━━━━━┓
┃ Model           ┃ PSI (l1) ┃ PSI (s) ┃ Pyro (l1)    ┃ Pyro (s)      ┃ MultiPPL (Cont, l1) ┃ MultiPPL (Cont, s) ┃ MultiPPL (l1) ┃ MultiPPL (s)  ┃
┡━━━━━━━━━━━━━━━━━╇━━━━━━━━━━╇━━━━━━━━━╇━━━━━━━━━━━━━━╇━━━━━━━━━━━━━━━╇━━━━━━━━━━━━━━━━━━━━━╇━━━━━━━━━━━━━━━━━━━━╇━━━━━━━━━━━━━━━╇━━━━━━━━━━━━━━━┩
│ arrival/tree-15 │ ---      │ ---     │ 0.365 ±0.004 │ 9.401 ±0.015  │ 0.355 ±0.004        │ 0.149 ±0.000       │ 0.337 ±0.003  │ 0.235 ±0.001  │
│ arrival/tree-31 │ ---      │ ---     │ 0.216 ±0.002 │ 19.970 ±0.038 │ 0.218 ±0.002        │ 0.324 ±0.001       │ 0.179 ±0.002  │ 0.532 ±0.001  │
│ arrival/tree-63 │ ---      │ ---     │ 0.118 ±0.002 │ 41.450 ±0.065 │ 0.120 ±0.002        │ 0.871 ±0.002       │ 0.093 ±0.002  │ 1.386 ±0.002  │
├─────────────────┼──────────┼─────────┼──────────────┼───────────────┼─────────────────────┼────────────────────┼───────────────┼───────────────┤
│ alarm           │ ---      │ ---     │ 1.290 ±0.056 │ 12.928 ±0.024 │ 1.173 ±0.049        │ 0.276 ±0.000       │ 0.364 ±0.015  │ 10.366 ±0.014 │
│ insurance       │ ---      │ ---     │ 0.149 ±0.008 │ 10.523 ±0.012 │ 0.144 ±0.007        │ 0.677 ±0.001       │ 0.099 ±0.006  │ 8.298 ±0.008  │
├─────────────────┼──────────┼─────────┼──────────────┼───────────────┼─────────────────────┼────────────────────┼───────────────┼───────────────┤
│ gossip/4        │ ---      │ ---     │ 0.119 ±0.002 │ 5.104 ±0.007  │ 0.119 ±0.001        │ 0.471 ±0.000       │ 0.118 ±0.002  │ 0.468 ±0.001  │
│ gossip/10       │ ---      │ ---     │ 0.533 ±0.003 │ 5.266 ±0.007  │ 0.531 ±0.003        │ 0.991 ±0.001       │ 0.524 ±0.003  │ 0.961 ±0.001  │
│ gossip/20       │ ---      │ ---     │ 0.747 ±0.003 │ 5.441 ±0.006  │ 0.745 ±0.003        │ 2.253 ±0.007       │ 0.750 ±0.003  │ 2.048 ±0.002  │
└─────────────────┴──────────┴─────────┴──────────────┴───────────────┴─────────────────────┴────────────────────┴───────────────┴───────────────┘
Discrete Benchmark
┏━━━━━━━━━┳━━━━━━━━━┳━━━━━━━━━━━━━━━━━━━━┳━━━━━━━━━━━━━━┳━━━━━━━━━━━━━━━┳━━━━━━━━━━━━━━━━━━━━━┳━━━━━━━━━━━━━━━━━━━━┳━━━━━━━━━━━━━━━┳━━━━━━━━━━━━━━━┓
┃ # Nodes ┃ PSI (s) ┃ MultiPPL (Disc, s) ┃ Pyro (l1)    ┃ Pyro (s)      ┃ MultiPPL (Cont, l1) ┃ MultiPPL (Cont, s) ┃ MultiPPL (l1) ┃ MultiPPL (s)  ┃
┡━━━━━━━━━╇━━━━━━━━━╇━━━━━━━━━━━━━━━━━━━━╇━━━━━━━━━━━━━━╇━━━━━━━━━━━━━━━╇━━━━━━━━━━━━━━━━━━━━━╇━━━━━━━━━━━━━━━━━━━━╇━━━━━━━━━━━━━━━╇━━━━━━━━━━━━━━━┩
│ 9       │ ---     │ 0.001 ±0.000       │ 0.080 ±0.002 │ 2.765 ±0.004  │ 0.079 ±0.002        │ 0.048 ±0.000       │ 0.033 ±0.001  │ 0.067 ±0.000  │
│ 36      │ ---     │ 0.094 ±0.001       │ 1.812 ±0.009 │ 12.091 ±0.160 │ 0.309 ±0.004        │ 0.160 ±0.000       │ 0.055 ±0.002  │ 0.796 ±0.001  │
│ 81      │ ---     │ 49.831 ±0.068      │ 7.814 ±0.017 │ 25.207 ±0.030 │ 0.680 ±0.005        │ 0.507 ±0.001       │ 0.079 ±0.002  │ 92.332 ±0.089 │
└─────────┴─────────┴────────────────────┴──────────────┴───────────────┴─────────────────────┴────────────────────┴───────────────┴───────────────┘
output saved to /home/stites/git/rust/multippl/logs/timeouts, /home/stites/git/rust/multippl/logs/hybrid.rich, /home/stites/git/rust/multippl/logs/discrete.rich
./bench/multippl-benchmark.sh all --no-psi  30088.62s user 4810.03s system 99% cpu 9:42:52.15 total
